2025-01-16 12:45:42,536 [INFO] Conexión con Arduino establecida.
2025-01-16 12:45:42,587 [INFO] Lectura de datos iniciada.
2025-01-16 12:50:17,283 [INFO] Conexión con Arduino establecida.
2025-01-16 12:50:17,283 [INFO] Lectura de datos iniciada.
2025-01-16 12:53:46,475 [INFO] Conexión con Arduino establecida.
2025-01-16 12:53:46,476 [INFO] Lectura de datos iniciada.
2025-01-16 13:58:10,408 [INFO] Conexión con Arduino establecida.
2025-01-16 13:58:10,408 [INFO] Lectura de datos iniciada.
2025-01-16 15:04:17,604 [INFO] Conexión con Arduino establecida.
2025-01-16 15:04:17,604 [INFO] Lectura de datos iniciada.
2025-01-16 15:04:37,704 [CRITICAL] Error al conectar con Arduino: could not open port 'COM9': PermissionError(13, 'Acceso denegado.', None, 5)
2025-01-16 15:04:37,714 [ERROR] Error: could not open port 'COM9': PermissionError(13, 'Acceso denegado.', None, 5)
2025-01-16 15:05:22,754 [INFO] Conexión con Arduino establecida.
2025-01-16 15:05:22,754 [INFO] Lectura de datos iniciada.
2025-01-16 15:07:16,026 [CRITICAL] Error al conectar con Arduino: could not open port 'COM9': PermissionError(13, 'Acceso denegado.', None, 5)
2025-01-16 15:07:16,026 [ERROR] Error: could not open port 'COM9': PermissionError(13, 'Acceso denegado.', None, 5)
2025-01-16 15:09:49,566 [CRITICAL] Error al conectar con Arduino: could not open port 'COM9': PermissionError(13, 'Acceso denegado.', None, 5)
2025-01-16 15:09:49,566 [ERROR] Error: could not open port 'COM9': PermissionError(13, 'Acceso denegado.', None, 5)
2025-01-16 15:16:17,536 [INFO] Conexión con Arduino establecida.
2025-01-16 15:16:17,536 [INFO] Lectura de datos iniciada.
2025-01-16 15:18:54,035 [CRITICAL] Error al conectar con Arduino: could not open port 'COM9': PermissionError(13, 'Acceso denegado.', None, 5)
2025-01-16 15:18:54,035 [ERROR] Error: could not open port 'COM9': PermissionError(13, 'Acceso denegado.', None, 5)
2025-01-16 15:19:21,955 [INFO] Conexión con Arduino establecida.
2025-01-16 15:19:21,955 [INFO] Lectura de datos iniciada.
2025-01-16 15:23:29,274 [CRITICAL] Error al conectar con Arduino: could not open port 'COM9': PermissionError(13, 'Acceso denegado.', None, 5)
2025-01-16 15:23:29,274 [ERROR] Error: could not open port 'COM9': PermissionError(13, 'Acceso denegado.', None, 5)
2025-01-16 15:23:33,094 [CRITICAL] Error al conectar con Arduino: could not open port 'COM9': PermissionError(13, 'Acceso denegado.', None, 5)
2025-01-16 15:23:33,094 [ERROR] Error: could not open port 'COM9': PermissionError(13, 'Acceso denegado.', None, 5)
2025-01-16 15:23:47,064 [CRITICAL] Error al conectar con Arduino: could not open port 'COM9': PermissionError(13, 'Acceso denegado.', None, 5)
2025-01-16 15:23:47,064 [ERROR] Error: could not open port 'COM9': PermissionError(13, 'Acceso denegado.', None, 5)
2025-01-16 15:23:48,294 [CRITICAL] Error al conectar con Arduino: could not open port 'COM9': PermissionError(13, 'Acceso denegado.', None, 5)
2025-01-16 15:23:48,294 [ERROR] Error: could not open port 'COM9': PermissionError(13, 'Acceso denegado.', None, 5)
2025-01-16 15:23:49,805 [CRITICAL] Error al conectar con Arduino: could not open port 'COM9': PermissionError(13, 'Acceso denegado.', None, 5)
2025-01-16 15:23:49,805 [ERROR] Error: could not open port 'COM9': PermissionError(13, 'Acceso denegado.', None, 5)
2025-01-16 15:24:04,143 [INFO] Conexión con Arduino establecida.
2025-01-16 15:24:04,144 [INFO] Lectura de datos iniciada.
2025-01-16 15:37:14,368 [INFO] Conexión con Arduino establecida.
2025-01-16 15:37:14,368 [INFO] Lectura de datos iniciada.
2025-01-16 15:37:46,389 [INFO] Conexión con Arduino establecida.
2025-01-16 15:37:46,389 [INFO] Lectura de datos iniciada.
2025-01-16 15:39:07,929 [INFO] Conexión con Arduino establecida.
2025-01-16 15:39:07,929 [INFO] Lectura de datos iniciada.
2025-01-16 21:44:53,134 [INFO] Conexión con Arduino establecida.
2025-01-16 21:44:53,149 [INFO] Lectura de datos iniciada.
2025-01-16 21:52:41,259 [INFO] Conexión con Arduino establecida.
2025-01-16 21:52:41,275 [INFO] Lectura de datos iniciada.
2025-01-16 21:53:29,432 [INFO] Conexión con Arduino establecida.
2025-01-16 21:53:29,432 [INFO] Lectura de datos iniciada.
2025-01-16 22:02:35,286 [INFO] Conexión con Arduino establecida.
2025-01-16 22:02:35,286 [INFO] Lectura de datos iniciada.
2025-01-16 22:06:19,218 [INFO] Conexión con Arduino establecida.
2025-01-16 22:06:19,219 [INFO] Lectura de datos iniciada.
2025-01-16 22:14:14,370 [INFO] Gráfico actualizado con éxito.
2025-01-16 22:14:15,508 [INFO] Gráfico actualizado con éxito.
2025-01-16 22:14:17,145 [INFO] Gráfico actualizado con éxito.
2025-01-16 22:20:18,667 [INFO] Gráfico actualizado con éxito.
2025-01-18 14:17:27,062 [INFO] Datos históricos cargados en el gráfico.
2025-01-18 14:17:32,196 [INFO] Conexión con Arduino establecida.
2025-01-18 14:17:32,228 [INFO] Lectura de datos iniciada.
2025-01-18 14:18:25,711 [INFO] Datos históricos cargados en el gráfico.
2025-01-18 14:18:28,505 [INFO] Conexión con Arduino establecida.
2025-01-18 14:18:28,505 [INFO] Lectura de datos iniciada.
2025-01-18 14:20:47,014 [INFO] Datos históricos cargados en el gráfico.
2025-01-18 14:20:50,981 [INFO] Conexión con Arduino establecida.
2025-01-18 14:20:50,981 [INFO] Lectura de datos iniciada.
2025-01-18 14:20:59,457 [INFO] Datos históricos cargados en el gráfico.
2025-01-18 14:23:51,458 [INFO] Reproducción de datos históricos iniciada.
2025-01-18 14:24:01,573 [INFO] Reproducción de datos históricos iniciada.
2025-01-18 14:27:38,214 [INFO] Reproducción de datos históricos iniciada.
2025-01-18 14:33:50,759 [INFO] Lectura automática iniciada.
2025-01-18 14:36:02,098 [INFO] Lectura automática iniciada.
2025-01-18 14:36:26,693 [INFO] Lectura automática iniciada.
2025-01-18 14:39:04,783 [INFO] Lectura automática iniciada.
2025-01-18 14:44:58,444 [INFO] Lectura automática iniciada.
2025-01-20 16:15:31,653 [INFO] Lectura automática iniciada.
2025-01-20 16:17:08,327 [INFO] Lectura detenida.
2025-01-21 22:51:28,687 [INFO] Conexión con Arduino establecida.
2025-01-21 22:51:35,039 [INFO] Lectura automática iniciada.
2025-01-21 22:52:04,750 [INFO] Conexión con Arduino establecida.
2025-01-21 22:52:14,886 [INFO] Lectura automática iniciada.
2025-01-21 22:52:15,931 [ERROR] Error al procesar datos: TeTemperatura:25,Humedad:40,CalidadAire:384,HumedadSuelo:0
2025-01-21 22:52:16,880 [ERROR] Error al procesar datos: Temperatura:25,Humedad:40,CalidadAire:443,HumedadSuelo:0
2025-01-21 22:52:17,879 [ERROR] Error al procesar datos: Temperatura:25,Humedad:40,CalidadAire:460,HumedadSuelo:0
2025-01-21 22:52:20,881 [ERROR] Error al procesar datos: Temperatura:25,Humedad:40,CalidadAire:443,HumedadSuelo:0
2025-01-21 22:52:23,917 [ERROR] Error al procesar datos: Temperatura:25,Humedad:40,CalidadAire:444,HumedadSuelo:0
2025-01-21 22:52:26,786 [INFO] Lectura detenida.
2025-01-21 22:52:27,896 [INFO] Lectura automática iniciada.
2025-01-21 22:52:28,876 [INFO] Lectura detenida.
2025-01-21 22:56:30,167 [INFO] Conectado al puerto COM10
2025-01-21 22:56:45,767 [INFO] Lectura automática iniciada.
2025-01-21 22:56:46,767 [INFO] Datos recibidos: adAire:445,HumedadSuelo:363
2025-01-21 22:56:46,767 [ERROR] Error al procesar los datos: adAire:445,HumedadSuelo:363 - list index out of range
2025-01-21 22:56:47,737 [INFO] Datos recibidos: Temperatura:25,Humedad:40,CalidadAire:446,HumedadSuelo:363
2025-01-21 22:59:28,257 [INFO] Conectado al puerto COM10
2025-01-21 22:59:33,422 [INFO] Lectura automática iniciada.
2025-01-21 22:59:34,442 [INFO] Datos recibidos: Temperatura:25,Humedad:40,CalidadAire:458,HumedadSuelo:364
2025-01-21 22:59:35,454 [INFO] Datos recibidos: Temperatura:25,Humedad:40,CalidadAire:450,HumedadSuelo:363
2025-01-21 22:59:36,467 [INFO] Datos recibidos: Temperatura:25,Humedad:40,CalidadAire:442,HumedadSuelo:363
2025-01-21 22:59:37,469 [INFO] Datos recibidos: Temperatura:25,Humedad:40,CalidadAire:453,HumedadSuelo:363
2025-01-21 22:59:38,468 [INFO] Datos recibidos: Temperatura:25,Humedad:40,CalidadAire:456,HumedadSuelo:363
2025-01-21 22:59:39,467 [INFO] Datos recibidos: Temperatura:25,Humedad:40,CalidadAire:438,HumedadSuelo:364
2025-01-21 22:59:40,466 [INFO] Datos recibidos: Temperatura:25,Humedad:40,CalidadAire:453,HumedadSuelo:364
2025-01-21 22:59:41,465 [INFO] Datos recibidos: Temperatura:25,Humedad:40,CalidadAire:462,HumedadSuelo:363
2025-01-21 22:59:42,464 [INFO] Datos recibidos: Temperatura:25,Humedad:40,CalidadAire:442,HumedadSuelo:364
2025-01-21 22:59:43,463 [INFO] Datos recibidos: Temperatura:25,Humedad:40,CalidadAire:448,HumedadSuelo:364
2025-01-21 22:59:44,462 [INFO] Datos recibidos: Temperatura:25,Humedad:40,CalidadAire:461,HumedadSuelo:363
2025-01-21 22:59:45,461 [INFO] Datos recibidos: Temperatura:25,Humedad:40,CalidadAire:449,HumedadSuelo:364
2025-01-21 22:59:46,461 [INFO] Datos recibidos: Temperatura:25,Humedad:40,CalidadAire:443,HumedadSuelo:364
2025-01-21 22:59:47,460 [INFO] Datos recibidos: Temperatura:25,Humedad:40,CalidadAire:459,HumedadSuelo:363
2025-01-21 22:59:48,459 [INFO] Datos recibidos: Temperatura:25,Humedad:40,CalidadAire:448,HumedadSuelo:364
2025-01-21 22:59:49,458 [INFO] Datos recibidos: Temperatura:25,Humedad:40,CalidadAire:439,HumedadSuelo:363
2025-01-21 22:59:50,457 [INFO] Datos recibidos: Temperatura:25,Humedad:40,CalidadAire:454,HumedadSuelo:363
2025-01-21 22:59:51,456 [INFO] Datos recibidos: Temperatura:25,Humedad:40,CalidadAire:454,HumedadSuelo:364
2025-01-21 22:59:52,472 [INFO] Datos recibidos: Temperatura:25,Humedad:40,CalidadAire:439,HumedadSuelo:364
2025-01-21 22:59:53,471 [INFO] Datos recibidos: Temperatura:25,Humedad:40,CalidadAire:449,HumedadSuelo:364
2025-01-21 22:59:54,482 [INFO] Datos recibidos: Temperatura:25,Humedad:40,CalidadAire:460,HumedadSuelo:364
2025-01-21 22:59:55,469 [INFO] Datos recibidos: Temperatura:25,Humedad:40,CalidadAire:440,HumedadSuelo:363
2025-01-21 22:59:56,468 [INFO] Datos recibidos: Temperatura:25,Humedad:40,CalidadAire:450,HumedadSuelo:363
2025-01-21 22:59:57,484 [INFO] Datos recibidos: Temperatura:25,Humedad:40,CalidadAire:460,HumedadSuelo:364
2025-01-21 22:59:58,500 [INFO] Datos recibidos: Temperatura:25,Humedad:40,CalidadAire:446,HumedadSuelo:363
2025-01-21 22:59:59,508 [INFO] Datos recibidos: Temperatura:25,Humedad:40,CalidadAire:445,HumedadSuelo:363
2025-01-21 23:00:00,507 [INFO] Datos recibidos: Temperatura:25,Humedad:40,CalidadAire:460,HumedadSuelo:364
2025-01-21 23:00:01,507 [INFO] Datos recibidos: Temperatura:25,Humedad:40,CalidadAire:453,HumedadSuelo:363
2025-01-21 23:00:02,513 [INFO] Datos recibidos: Temperatura:25,Humedad:40,CalidadAire:440,HumedadSuelo:363
2025-01-21 23:00:03,529 [INFO] Datos recibidos: Temperatura:25,Humedad:40,CalidadAire:456,HumedadSuelo:364
2025-01-21 23:00:04,512 [INFO] Datos recibidos: Temperatura:25,Humedad:40,CalidadAire:452,HumedadSuelo:364
2025-01-21 23:00:05,510 [INFO] Datos recibidos: Temperatura:25,Humedad:40,CalidadAire:439,HumedadSuelo:364
2025-01-21 23:00:06,509 [INFO] Datos recibidos: Temperatura:25,Humedad:40,CalidadAire:451,HumedadSuelo:364
2025-01-21 23:00:07,508 [INFO] Datos recibidos: Temperatura:25,Humedad:40,CalidadAire:458,HumedadSuelo:363
2025-01-21 23:00:08,500 [INFO] Datos recibidos: Temperatura:25,Humedad:40,CalidadAire:439,HumedadSuelo:363
2025-01-21 23:00:09,505 [INFO] Datos recibidos: Temperatura:25,Humedad:40,CalidadAire:446,HumedadSuelo:364
2025-01-21 23:00:10,505 [INFO] Datos recibidos: Temperatura:25,Humedad:40,CalidadAire:461,HumedadSuelo:363
2025-01-21 23:00:11,505 [INFO] Datos recibidos: Temperatura:25,Humedad:40,CalidadAire:444,HumedadSuelo:363
2025-01-21 23:00:12,506 [INFO] Datos recibidos: Temperatura:25,Humedad:40,CalidadAire:446,HumedadSuelo:364
2025-01-21 23:00:13,500 [INFO] Datos recibidos: Temperatura:25,Humedad:40,CalidadAire:457,HumedadSuelo:363
2025-01-21 23:00:14,517 [INFO] Datos recibidos: Temperatura:25,Humedad:40,CalidadAire:450,HumedadSuelo:364
2025-01-21 23:00:15,518 [INFO] Datos recibidos: Temperatura:25,Humedad:40,CalidadAire:442,HumedadSuelo:364
2025-01-21 23:00:16,534 [INFO] Datos recibidos: Temperatura:25,Humedad:40,CalidadAire:457,HumedadSuelo:363
2025-01-21 23:00:17,533 [INFO] Datos recibidos: Temperatura:25,Humedad:40,CalidadAire:457,HumedadSuelo:364
2025-01-21 23:00:18,532 [INFO] Datos recibidos: Temperatura:25,Humedad:40,CalidadAire:438,HumedadSuelo:364
2025-01-21 23:00:19,531 [INFO] Datos recibidos: Temperatura:25,Humedad:40,CalidadAire:452,HumedadSuelo:363
2025-01-21 23:00:20,547 [INFO] Datos recibidos: Temperatura:25,Humedad:40,CalidadAire:456,HumedadSuelo:363
2025-01-21 23:00:21,562 [INFO] Datos recibidos: Temperatura:25,Humedad:40,CalidadAire:443,HumedadSuelo:363
2025-01-21 23:00:22,578 [INFO] Datos recibidos: Temperatura:25,Humedad:40,CalidadAire:448,HumedadSuelo:363
2025-01-21 23:00:23,579 [INFO] Datos recibidos: Temperatura:25,Humedad:40,CalidadAire:462,HumedadSuelo:364
2025-01-21 23:00:24,577 [INFO] Datos recibidos: Temperatura:25,Humedad:40,CalidadAire:442,HumedadSuelo:364
2025-01-21 23:00:25,575 [INFO] Datos recibidos: Temperatura:25,Humedad:40,CalidadAire:443,HumedadSuelo:364
2025-01-21 23:00:26,574 [INFO] Datos recibidos: Temperatura:25,Humedad:40,CalidadAire:458,HumedadSuelo:364
2025-01-21 23:00:27,572 [INFO] Datos recibidos: Temperatura:25,Humedad:40,CalidadAire:449,HumedadSuelo:364
2025-01-21 23:00:29,576 [INFO] Datos recibidos: Temperatura:25,Humedad:40,CalidadAire:443,HumedadSuelo:363
2025-01-21 23:00:32,857 [INFO] Datos recibidos: Temperatura:26,Humedad:41,CalidadAire:452,HumedadSuelo:363
2025-01-21 23:00:36,597 [INFO] Datos recibidos: Temperatura:26,Humedad:41,CalidadAire:457,HumedadSuelo:364
2025-01-21 23:00:39,606 [INFO] Datos recibidos: Temperatura:26,Humedad:41,CalidadAire:438,HumedadSuelo:364
2025-01-21 23:00:42,967 [INFO] Datos recibidos: Temperatura:26,Humedad:41,CalidadAire:452,HumedadSuelo:363
2025-01-21 23:00:46,602 [INFO] Datos recibidos: Temperatura:26,Humedad:41,CalidadAire:460,HumedadSuelo:363
2025-01-21 23:00:50,597 [INFO] Datos recibidos: Temperatura:26,Humedad:41,CalidadAire:446,HumedadSuelo:364
2025-01-21 23:00:53,787 [INFO] Datos recibidos: Temperatura:26,Humedad:41,CalidadAire:445,HumedadSuelo:364
2025-01-21 23:00:57,626 [INFO] Datos recibidos: Temperatura:26,Humedad:41,CalidadAire:461,HumedadSuelo:363
2025-01-21 23:01:01,642 [INFO] Datos recibidos: Temperatura:28,Humedad:41,CalidadAire:455,HumedadSuelo:363
2025-01-21 23:01:05,676 [INFO] Datos recibidos: Temperatura:28,Humedad:41,CalidadAire:438,HumedadSuelo:363
2025-01-21 23:01:08,977 [INFO] Datos recibidos: Temperatura:28,Humedad:41,CalidadAire:453,HumedadSuelo:364
2025-01-21 23:01:12,743 [INFO] Datos recibidos: Temperatura:28,Humedad:41,CalidadAire:455,HumedadSuelo:364
2025-01-21 23:01:16,726 [INFO] Datos recibidos: Temperatura:28,Humedad:41,CalidadAire:444,HumedadSuelo:363
2025-01-21 23:01:20,746 [INFO] Datos recibidos: Temperatura:28,Humedad:41,CalidadAire:446,HumedadSuelo:363
2025-01-21 23:01:23,937 [INFO] Datos recibidos: Temperatura:28,Humedad:41,CalidadAire:461,HumedadSuelo:364
2025-01-21 23:01:27,772 [INFO] Datos recibidos: Temperatura:28,Humedad:41,CalidadAire:444,HumedadSuelo:364
2025-01-21 23:01:31,047 [INFO] Datos recibidos: Temperatura:28,Humedad:41,CalidadAire:440,HumedadSuelo:364
2025-01-21 23:01:34,767 [INFO] Datos recibidos: Temperatura:28,Humedad:41,CalidadAire:455,HumedadSuelo:363
2025-01-21 23:01:37,947 [INFO] Datos recibidos: Temperatura:28,Humedad:41,CalidadAire:452,HumedadSuelo:363
2025-01-21 23:01:41,787 [INFO] Datos recibidos: Temperatura:28,Humedad:41,CalidadAire:440,HumedadSuelo:364
2025-01-21 23:01:45,006 [INFO] Datos recibidos: Temperatura:28,Humedad:41,CalidadAire:448,HumedadSuelo:364
2025-01-21 23:01:48,816 [INFO] Datos recibidos: Temperatura:28,Humedad:41,CalidadAire:461,HumedadSuelo:363
2025-01-21 23:01:51,962 [INFO] Datos recibidos: Temperatura:28,Humedad:41,CalidadAire:442,HumedadSuelo:363
2025-01-21 23:01:55,827 [INFO] Datos recibidos: Temperatura:28,Humedad:41,CalidadAire:449,HumedadSuelo:921
2025-01-21 23:01:59,136 [INFO] Datos recibidos: Temperatura:28,Humedad:41,CalidadAire:456,HumedadSuelo:1019
2025-01-21 23:02:02,827 [INFO] Datos recibidos: Temperatura:28,Humedad:41,CalidadAire:454,HumedadSuelo:1019
2025-01-21 23:02:06,861 [INFO] Datos recibidos: Temperatura:28,Humedad:41,CalidadAire:438,HumedadSuelo:1019
2025-01-21 23:02:10,076 [INFO] Datos recibidos: Temperatura:28,Humedad:41,CalidadAire:451,HumedadSuelo:1019
2025-01-21 23:02:14,097 [INFO] Datos recibidos: Temperatura:28,Humedad:41,CalidadAire:457,HumedadSuelo:1019
2025-01-21 23:02:18,137 [INFO] Datos recibidos: Temperatura:28,Humedad:41,CalidadAire:452,HumedadSuelo:315
2025-01-21 23:02:22,077 [INFO] Datos recibidos: Temperatura:28,Humedad:41,CalidadAire:441,HumedadSuelo:315
2025-01-21 23:02:25,936 [INFO] Datos recibidos: Temperatura:28,Humedad:41,CalidadAire:456,HumedadSuelo:314
2025-01-21 23:02:28,157 [INFO] Lectura detenida.
2025-01-21 23:04:57,547 [INFO] Conectado al puerto COM10
2025-01-21 23:05:07,776 [INFO] Lectura automática iniciada.
2025-01-21 23:05:09,761 [INFO] Datos recibidos: Temperatura:28,Humedad:41,CalidadAire:387,HumedadSuelo:0
2025-01-21 23:05:10,751 [INFO] Datos recibidos: Temperatura:28,Humedad:41,CalidadAire:441,HumedadSuelo:0
2025-01-21 23:05:11,926 [INFO] Datos recibidos: Temperatura:28,Humedad:41,CalidadAire:458,HumedadSuelo:0
2025-01-21 23:05:14,961 [INFO] Datos recibidos: Temperatura:28,Humedad:41,CalidadAire:446,HumedadSuelo:0
2025-01-21 23:05:18,780 [INFO] Datos recibidos: Temperatura:28,Humedad:41,CalidadAire:440,HumedadSuelo:0
2025-01-21 23:05:21,800 [INFO] Datos recibidos: Temperatura:28,Humedad:41,CalidadAire:458,HumedadSuelo:314
2025-01-21 23:05:25,801 [INFO] Datos recibidos: Temperatura:28,Humedad:41,CalidadAire:449,HumedadSuelo:315
2025-01-21 23:05:29,260 [INFO] Datos recibidos: Temperatura:28,Humedad:41,CalidadAire:442,HumedadSuelo:315
2025-01-21 23:05:33,810 [INFO] Datos recibidos: Temperatura:28,Humedad:41,CalidadAire:451,HumedadSuelo:864
2025-01-21 23:05:37,800 [INFO] Datos recibidos: Temperatura:28,Humedad:41,CalidadAire:459,HumedadSuelo:864
2025-01-21 23:05:41,195 [INFO] Datos recibidos: Temperatura:28,Humedad:41,CalidadAire:441,HumedadSuelo:864
2025-01-21 23:05:44,986 [INFO] Datos recibidos: Temperatura:28,Humedad:41,CalidadAire:448,HumedadSuelo:864
2025-01-21 23:05:48,840 [INFO] Datos recibidos: Temperatura:28,Humedad:41,CalidadAire:455,HumedadSuelo:864
2025-01-21 23:05:52,820 [INFO] Datos recibidos: Temperatura:28,Humedad:41,CalidadAire:453,HumedadSuelo:864
2025-01-21 23:05:56,825 [INFO] Datos recibidos: Temperatura:28,Humedad:41,CalidadAire:439,HumedadSuelo:864
2025-01-21 23:06:00,470 [INFO] Datos recibidos: Temperatura:28,Humedad:41,CalidadAire:453,HumedadSuelo:698
2025-01-21 23:12:38,856 [INFO] Conectado al puerto COM10
2025-01-21 23:13:37,492 [INFO] Conectado al puerto COM10
2025-01-21 23:13:39,651 [INFO] Conexión a la base de datos exitosa.
2025-01-21 23:13:49,141 [INFO] Lectura automática iniciada.
2025-01-21 23:13:50,153 [INFO] Datos recibidos: Temperatura:28,Humedad:41,CalidadAire:387,HumedadSuelo:0
2025-01-21 23:13:50,173 [INFO] Datos guardados en la base de datos.
2025-01-21 23:13:51,128 [INFO] Datos recibidos: Temperatura:28,Humedad:41,CalidadAire:441,HumedadSuelo:0
2025-01-21 23:13:51,136 [INFO] Datos guardados en la base de datos.
2025-01-21 23:13:52,134 [INFO] Datos recibidos: Temperatura:28,Humedad:41,CalidadAire:458,HumedadSuelo:0
2025-01-21 23:13:52,137 [INFO] Datos guardados en la base de datos.
2025-01-21 23:13:53,130 [INFO] Datos recibidos: Temperatura:28,Humedad:41,CalidadAire:446,HumedadSuelo:0
2025-01-21 23:13:53,159 [INFO] Datos guardados en la base de datos.
2025-01-21 23:13:54,138 [INFO] Datos recibidos: Temperatura:28,Humedad:41,CalidadAire:440,HumedadSuelo:0
2025-01-21 23:13:54,180 [INFO] Datos guardados en la base de datos.
2025-01-21 23:13:55,130 [INFO] Datos recibidos: Temperatura:28,Humedad:41,CalidadAire:458,HumedadSuelo:355
2025-01-21 23:13:55,136 [INFO] Datos guardados en la base de datos.
2025-01-21 23:13:56,126 [INFO] Datos recibidos: Temperatura:28,Humedad:41,CalidadAire:449,HumedadSuelo:356
2025-01-21 23:13:56,158 [INFO] Datos guardados en la base de datos.
2025-01-21 23:13:57,130 [INFO] Datos recibidos: Temperatura:28,Humedad:41,CalidadAire:442,HumedadSuelo:356
2025-01-21 23:13:57,133 [INFO] Datos guardados en la base de datos.
2025-01-21 23:13:58,125 [INFO] Datos recibidos: Temperatura:28,Humedad:41,CalidadAire:451,HumedadSuelo:356
2025-01-21 23:13:58,136 [INFO] Datos guardados en la base de datos.
2025-01-21 23:13:59,130 [INFO] Datos recibidos: Temperatura:28,Humedad:41,CalidadAire:458,HumedadSuelo:356
2025-01-21 23:13:59,147 [INFO] Datos guardados en la base de datos.
2025-01-21 23:14:00,133 [INFO] Datos recibidos: Temperatura:28,Humedad:41,CalidadAire:439,HumedadSuelo:355
2025-01-21 23:14:00,158 [INFO] Datos guardados en la base de datos.
2025-01-21 23:14:01,131 [INFO] Datos recibidos: Temperatura:28,Humedad:41,CalidadAire:451,HumedadSuelo:356
2025-01-21 23:14:01,132 [INFO] Datos guardados en la base de datos.
2025-01-21 23:14:02,125 [INFO] Datos recibidos: Temperatura:28,Humedad:41,CalidadAire:459,HumedadSuelo:356
2025-01-21 23:14:02,149 [INFO] Datos guardados en la base de datos.
2025-01-21 23:14:03,130 [INFO] Datos recibidos: Temperatura:28,Humedad:41,CalidadAire:447,HumedadSuelo:356
2025-01-21 23:14:03,136 [INFO] Datos guardados en la base de datos.
2025-01-21 23:14:04,128 [INFO] Datos recibidos: Temperatura:28,Humedad:41,CalidadAire:444,HumedadSuelo:355
2025-01-21 23:14:04,159 [INFO] Datos guardados en la base de datos.
2025-01-21 23:14:05,129 [INFO] Datos recibidos: Temperatura:28,Humedad:41,CalidadAire:459,HumedadSuelo:356
2025-01-21 23:14:05,130 [INFO] Datos guardados en la base de datos.
2025-01-21 23:14:06,127 [INFO] Datos recibidos: Temperatura:28,Humedad:41,CalidadAire:456,HumedadSuelo:356
2025-01-21 23:14:06,159 [INFO] Datos guardados en la base de datos.
2025-01-21 23:14:07,130 [INFO] Datos recibidos: Temperatura:28,Humedad:41,CalidadAire:438,HumedadSuelo:356
2025-01-21 23:14:07,159 [INFO] Datos guardados en la base de datos.
2025-01-21 23:14:08,126 [INFO] Datos recibidos: Temperatura:28,Humedad:41,CalidadAire:453,HumedadSuelo:356
2025-01-21 23:14:08,129 [INFO] Datos guardados en la base de datos.
2025-01-21 23:14:09,130 [INFO] Datos recibidos: Temperatura:28,Humedad:41,CalidadAire:456,HumedadSuelo:355
2025-01-21 23:14:09,160 [INFO] Datos guardados en la base de datos.
2025-01-21 23:14:10,129 [INFO] Datos recibidos: Temperatura:28,Humedad:41,CalidadAire:445,HumedadSuelo:356
2025-01-21 23:14:10,148 [INFO] Datos guardados en la base de datos.
2025-01-21 23:14:12,860 [INFO] Lectura detenida.
2025-01-21 23:17:13,029 [INFO] Conectado al puerto COM10
2025-01-21 23:17:15,186 [INFO] Conexión a la base de datos exitosa.
2025-01-21 23:17:19,564 [INFO] Lectura automática iniciada.
2025-01-21 23:21:32,153 [INFO] Conectado al puerto COM10
2025-01-21 23:21:34,479 [INFO] Conexión a la base de datos exitosa.
2025-01-21 23:21:38,302 [INFO] Lectura automática iniciada.
2025-01-21 23:21:39,344 [INFO] Datos guardados en la base de datos.
2025-01-21 23:21:40,330 [INFO] Datos guardados en la base de datos.
2025-01-21 23:21:41,319 [INFO] Datos guardados en la base de datos.
2025-01-21 23:21:42,319 [INFO] Datos guardados en la base de datos.
2025-01-21 23:21:43,308 [INFO] Datos guardados en la base de datos.
2025-01-21 23:21:44,342 [INFO] Datos guardados en la base de datos.
2025-01-21 23:21:45,308 [INFO] Datos guardados en la base de datos.
2025-01-21 23:21:46,294 [INFO] Datos guardados en la base de datos.
2025-01-21 23:21:47,331 [INFO] Datos guardados en la base de datos.
2025-01-21 23:21:48,331 [INFO] Datos guardados en la base de datos.
2025-01-21 23:21:49,331 [INFO] Datos guardados en la base de datos.
2025-01-21 23:21:50,331 [INFO] Datos guardados en la base de datos.
2025-01-21 23:21:51,331 [INFO] Datos guardados en la base de datos.
2025-01-21 23:21:52,323 [INFO] Datos guardados en la base de datos.
2025-01-21 23:21:53,308 [INFO] Datos guardados en la base de datos.
2025-01-21 23:21:54,306 [INFO] Datos guardados en la base de datos.
2025-01-21 23:21:55,300 [INFO] Datos guardados en la base de datos.
2025-01-21 23:21:56,300 [INFO] Datos guardados en la base de datos.
2025-01-21 23:21:57,294 [INFO] Datos guardados en la base de datos.
2025-01-21 23:21:58,304 [INFO] Datos guardados en la base de datos.
2025-01-21 23:21:59,310 [INFO] Datos guardados en la base de datos.
2025-01-21 23:22:00,354 [INFO] Datos guardados en la base de datos.
2025-01-21 23:22:01,322 [INFO] Datos guardados en la base de datos.
2025-01-21 23:22:02,312 [INFO] Datos guardados en la base de datos.
2025-01-21 23:22:03,309 [INFO] Datos guardados en la base de datos.
2025-01-21 23:22:04,318 [INFO] Datos guardados en la base de datos.
2025-01-21 23:22:05,343 [INFO] Datos guardados en la base de datos.
2025-01-21 23:22:06,343 [INFO] Datos guardados en la base de datos.
2025-01-21 23:22:07,321 [INFO] Datos guardados en la base de datos.
2025-01-21 23:22:08,323 [INFO] Datos guardados en la base de datos.
2025-01-21 23:22:09,315 [INFO] Datos guardados en la base de datos.
2025-01-21 23:22:10,384 [INFO] Datos guardados en la base de datos.
2025-01-21 23:22:11,321 [INFO] Datos guardados en la base de datos.
2025-01-21 23:22:12,343 [INFO] Datos guardados en la base de datos.
2025-01-21 23:22:13,308 [INFO] Datos guardados en la base de datos.
2025-01-21 23:22:14,313 [INFO] Datos guardados en la base de datos.
2025-01-21 23:22:15,311 [INFO] Datos guardados en la base de datos.
2025-01-21 23:22:16,321 [INFO] Datos guardados en la base de datos.
2025-01-21 23:22:17,321 [INFO] Datos guardados en la base de datos.
2025-01-21 23:22:18,313 [INFO] Datos guardados en la base de datos.
2025-01-21 23:22:19,307 [INFO] Datos guardados en la base de datos.
2025-01-21 23:22:20,333 [INFO] Datos guardados en la base de datos.
2025-01-21 23:22:21,310 [INFO] Datos guardados en la base de datos.
2025-01-21 23:22:22,310 [INFO] Datos guardados en la base de datos.
2025-01-21 23:22:23,333 [INFO] Datos guardados en la base de datos.
2025-01-21 23:22:54,492 [INFO] Conectado al puerto COM10
2025-01-21 23:22:56,661 [INFO] Conexión a la base de datos exitosa.
2025-01-21 23:26:40,250 [INFO] Conectado al puerto COM10
2025-01-21 23:26:42,419 [INFO] Conexión a la base de datos exitosa.
2025-01-21 23:26:45,709 [INFO] Lectura automática iniciada.
2025-01-21 23:26:46,762 [INFO] Datos guardados en la base de datos.
2025-01-21 23:26:47,704 [INFO] Datos guardados en la base de datos.
2025-01-21 23:26:48,716 [INFO] Datos guardados en la base de datos.
2025-01-21 23:26:49,709 [INFO] Datos guardados en la base de datos.
2025-01-21 23:26:50,745 [INFO] Datos guardados en la base de datos.
2025-01-21 23:26:51,701 [INFO] Datos guardados en la base de datos.
2025-01-21 23:26:52,696 [INFO] Datos guardados en la base de datos.
2025-01-21 23:26:53,704 [INFO] Datos guardados en la base de datos.
2025-01-21 23:26:54,715 [INFO] Datos guardados en la base de datos.
2025-01-21 23:26:55,716 [INFO] Datos guardados en la base de datos.
2025-01-21 23:26:56,711 [INFO] Datos guardados en la base de datos.
2025-01-21 23:26:57,715 [INFO] Datos guardados en la base de datos.
2025-01-21 23:26:58,726 [INFO] Datos guardados en la base de datos.
2025-01-21 23:26:59,703 [INFO] Datos guardados en la base de datos.
2025-01-21 23:27:00,727 [INFO] Datos guardados en la base de datos.
2025-01-21 23:27:01,709 [INFO] Datos guardados en la base de datos.
2025-01-21 23:27:02,739 [INFO] Datos guardados en la base de datos.
2025-01-21 23:27:03,701 [INFO] Datos guardados en la base de datos.
2025-01-21 23:27:04,797 [INFO] Datos guardados en la base de datos.
2025-01-21 23:27:05,750 [INFO] Datos guardados en la base de datos.
2025-01-21 23:27:06,735 [INFO] Datos guardados en la base de datos.
2025-01-21 23:27:07,727 [INFO] Datos guardados en la base de datos.
2025-01-21 23:27:08,721 [INFO] Datos guardados en la base de datos.
2025-01-21 23:27:09,732 [INFO] Datos guardados en la base de datos.
2025-01-21 23:27:10,772 [INFO] Datos guardados en la base de datos.
2025-01-21 23:27:11,738 [INFO] Datos guardados en la base de datos.
2025-01-21 23:27:12,743 [INFO] Datos guardados en la base de datos.
2025-01-21 23:27:13,769 [INFO] Datos guardados en la base de datos.
2025-01-21 23:27:14,729 [INFO] Datos guardados en la base de datos.
2025-01-21 23:27:15,750 [INFO] Datos guardados en la base de datos.
2025-01-21 23:27:16,727 [INFO] Datos guardados en la base de datos.
2025-01-21 23:27:17,746 [INFO] Datos guardados en la base de datos.
2025-01-21 23:27:18,739 [INFO] Datos guardados en la base de datos.
2025-01-21 23:27:19,734 [INFO] Datos guardados en la base de datos.
2025-01-21 23:27:20,745 [INFO] Datos guardados en la base de datos.
2025-01-21 23:27:21,750 [INFO] Datos guardados en la base de datos.
2025-01-21 23:27:22,738 [INFO] Datos guardados en la base de datos.
2025-01-21 23:27:23,761 [INFO] Datos guardados en la base de datos.
2025-01-21 23:27:24,739 [INFO] Datos guardados en la base de datos.
2025-01-21 23:27:25,751 [INFO] Datos guardados en la base de datos.
2025-01-21 23:27:26,753 [INFO] Datos guardados en la base de datos.
2025-01-21 23:27:27,736 [INFO] Datos guardados en la base de datos.
2025-01-21 23:27:28,736 [INFO] Datos guardados en la base de datos.
2025-01-21 23:27:29,733 [INFO] Datos guardados en la base de datos.
2025-01-21 23:27:30,751 [INFO] Datos guardados en la base de datos.
2025-01-21 23:27:31,739 [INFO] Datos guardados en la base de datos.
2025-01-21 23:27:32,742 [INFO] Datos guardados en la base de datos.
2025-01-21 23:27:33,728 [INFO] Datos guardados en la base de datos.
2025-01-21 23:27:34,736 [INFO] Datos guardados en la base de datos.
2025-01-21 23:27:35,763 [INFO] Datos guardados en la base de datos.
2025-01-21 23:27:36,740 [INFO] Datos guardados en la base de datos.
2025-01-21 23:27:37,751 [INFO] Datos guardados en la base de datos.
2025-01-21 23:27:38,758 [INFO] Datos guardados en la base de datos.
2025-01-21 23:27:39,762 [INFO] Datos guardados en la base de datos.
2025-01-21 23:27:40,773 [INFO] Datos guardados en la base de datos.
2025-01-21 23:27:41,763 [INFO] Datos guardados en la base de datos.
2025-01-21 23:27:42,747 [INFO] Datos guardados en la base de datos.
2025-01-21 23:27:43,763 [INFO] Datos guardados en la base de datos.
2025-01-21 23:27:44,735 [INFO] Datos guardados en la base de datos.
2025-01-21 23:27:45,782 [INFO] Datos guardados en la base de datos.
2025-01-21 23:27:46,741 [INFO] Datos guardados en la base de datos.
2025-01-21 23:27:47,776 [INFO] Datos guardados en la base de datos.
2025-01-21 23:27:48,729 [INFO] Datos guardados en la base de datos.
2025-01-21 23:27:49,752 [INFO] Datos guardados en la base de datos.
2025-01-21 23:27:50,752 [INFO] Datos guardados en la base de datos.
2025-01-21 23:27:51,730 [INFO] Datos guardados en la base de datos.
2025-01-21 23:27:52,763 [INFO] Datos guardados en la base de datos.
2025-01-21 23:27:54,083 [INFO] Datos guardados en la base de datos.
2025-01-21 23:27:58,743 [INFO] Datos guardados en la base de datos.
2025-01-21 23:28:02,156 [INFO] Datos guardados en la base de datos.
2025-01-21 23:28:06,046 [INFO] Datos guardados en la base de datos.
2025-01-21 23:28:10,005 [INFO] Datos guardados en la base de datos.
2025-01-21 23:28:13,985 [INFO] Datos guardados en la base de datos.
2025-01-21 23:28:18,739 [INFO] Datos guardados en la base de datos.
2025-01-21 23:28:39,065 [INFO] Lectura detenida.
2025-01-21 23:34:43,489 [INFO] Conectado al puerto COM10
2025-01-21 23:34:45,637 [INFO] Conexión a la base de datos exitosa.
2025-01-21 23:34:53,916 [INFO] Lectura automática iniciada.
2025-01-21 23:34:54,969 [INFO] Datos guardados en la base de datos.
2025-01-21 23:34:55,932 [INFO] Datos guardados en la base de datos.
2025-01-21 23:34:57,921 [INFO] Datos guardados en la base de datos.
2025-01-21 23:35:00,918 [INFO] Datos guardados en la base de datos.
2025-01-21 23:35:03,967 [INFO] Datos guardados en la base de datos.
2025-01-21 23:35:07,956 [INFO] Datos guardados en la base de datos.
2025-01-21 23:35:12,090 [INFO] Datos guardados en la base de datos.
2025-01-21 23:35:16,389 [INFO] Datos guardados en la base de datos.
2025-01-21 23:35:21,023 [INFO] Datos guardados en la base de datos.
2025-01-21 23:35:25,257 [INFO] Datos guardados en la base de datos.
2025-01-21 23:35:29,948 [INFO] Datos guardados en la base de datos.
2025-01-21 23:35:33,958 [INFO] Datos guardados en la base de datos.
2025-01-21 23:35:38,202 [INFO] Datos guardados en la base de datos.
2025-01-21 23:35:42,046 [INFO] Datos guardados en la base de datos.
2025-01-21 23:35:45,958 [INFO] Datos guardados en la base de datos.
2025-01-21 23:35:50,958 [INFO] Datos guardados en la base de datos.
2025-01-21 23:35:54,970 [INFO] Datos guardados en la base de datos.
2025-01-21 23:35:59,043 [INFO] Datos guardados en la base de datos.
2025-01-21 23:36:02,982 [INFO] Datos guardados en la base de datos.
2025-01-21 23:36:06,993 [INFO] Datos guardados en la base de datos.
2025-01-21 23:36:10,981 [INFO] Datos guardados en la base de datos.
2025-01-21 23:36:15,026 [INFO] Datos guardados en la base de datos.
2025-01-21 23:36:19,004 [INFO] Datos guardados en la base de datos.
2025-01-21 23:36:21,983 [INFO] Datos guardados en la base de datos.
2025-01-21 23:36:25,052 [INFO] Datos guardados en la base de datos.
2025-01-21 23:36:29,057 [INFO] Datos guardados en la base de datos.
2025-01-21 23:36:32,057 [INFO] Datos guardados en la base de datos.
2025-01-21 23:36:36,022 [INFO] Datos guardados en la base de datos.
2025-01-21 23:36:39,242 [INFO] Datos guardados en la base de datos.
2025-01-21 23:36:43,042 [INFO] Datos guardados en la base de datos.
2025-01-21 23:36:46,262 [INFO] Datos guardados en la base de datos.
2025-01-21 23:36:50,082 [INFO] Datos guardados en la base de datos.
2025-01-21 23:36:53,517 [INFO] Datos guardados en la base de datos.
2025-01-21 23:36:57,097 [INFO] Datos guardados en la base de datos.
2025-01-21 23:37:00,517 [INFO] Datos guardados en la base de datos.
2025-01-21 23:37:04,117 [INFO] Datos guardados en la base de datos.
2025-01-21 23:37:08,112 [INFO] Datos guardados en la base de datos.
2025-01-21 23:37:11,127 [INFO] Datos guardados en la base de datos.
2025-01-21 23:37:14,492 [INFO] Datos guardados en la base de datos.
2025-01-21 23:37:18,197 [INFO] Datos guardados en la base de datos.
2025-01-21 23:37:21,477 [INFO] Datos guardados en la base de datos.
2025-01-21 23:37:25,172 [INFO] Datos guardados en la base de datos.
2025-01-21 23:40:03,372 [INFO] Conectado al puerto COM10
2025-01-21 23:40:05,532 [INFO] Conexión a la base de datos exitosa.
2025-01-21 23:40:08,932 [INFO] Lectura automática iniciada.
2025-01-21 23:40:10,002 [INFO] Datos guardados en la base de datos.
2025-01-21 23:40:10,952 [INFO] Datos guardados en la base de datos.
2025-01-21 23:40:11,919 [INFO] Datos guardados en la base de datos.
2025-01-21 23:40:12,944 [INFO] Datos guardados en la base de datos.
2025-01-21 23:40:13,941 [INFO] Datos guardados en la base de datos.
2025-01-21 23:40:14,951 [INFO] Datos guardados en la base de datos.
2025-01-21 23:40:15,913 [INFO] Datos guardados en la base de datos.
2025-01-21 23:40:16,958 [INFO] Datos guardados en la base de datos.
2025-01-21 23:40:17,919 [INFO] Datos guardados en la base de datos.
2025-01-21 23:40:18,923 [INFO] Datos guardados en la base de datos.
2025-01-21 23:40:19,920 [INFO] Datos guardados en la base de datos.
2025-01-21 23:40:20,930 [INFO] Datos guardados en la base de datos.
2025-01-21 23:40:21,930 [INFO] Datos guardados en la base de datos.
2025-01-21 23:40:22,921 [INFO] Datos guardados en la base de datos.
2025-01-21 23:40:23,952 [INFO] Datos guardados en la base de datos.
2025-01-21 23:40:24,932 [INFO] Datos guardados en la base de datos.
2025-01-21 23:40:25,919 [INFO] Datos guardados en la base de datos.
2025-01-21 23:40:26,922 [INFO] Datos guardados en la base de datos.
2025-01-21 23:40:27,950 [INFO] Datos guardados en la base de datos.
2025-01-21 23:40:28,950 [INFO] Datos guardados en la base de datos.
2025-01-21 23:40:29,920 [INFO] Datos guardados en la base de datos.
2025-01-21 23:40:30,921 [INFO] Datos guardados en la base de datos.
2025-01-21 23:40:31,931 [INFO] Datos guardados en la base de datos.
2025-01-21 23:40:32,926 [INFO] Datos guardados en la base de datos.
2025-01-21 23:40:33,931 [INFO] Datos guardados en la base de datos.
2025-01-21 23:40:34,924 [INFO] Datos guardados en la base de datos.
2025-01-21 23:40:35,929 [INFO] Datos guardados en la base de datos.
2025-01-21 23:40:36,941 [INFO] Datos guardados en la base de datos.
2025-01-21 23:40:37,922 [INFO] Datos guardados en la base de datos.
2025-01-21 23:40:38,931 [INFO] Datos guardados en la base de datos.
2025-01-21 23:40:39,942 [INFO] Datos guardados en la base de datos.
2025-01-21 23:40:40,924 [INFO] Datos guardados en la base de datos.
2025-01-21 23:40:41,970 [INFO] Datos guardados en la base de datos.
2025-01-21 23:40:42,954 [INFO] Datos guardados en la base de datos.
2025-01-21 23:40:43,919 [INFO] Datos guardados en la base de datos.
2025-01-21 23:40:44,942 [INFO] Datos guardados en la base de datos.
2025-01-21 23:40:45,914 [INFO] Datos guardados en la base de datos.
2025-01-21 23:40:46,943 [INFO] Datos guardados en la base de datos.
2025-01-21 23:40:47,922 [INFO] Datos guardados en la base de datos.
2025-01-21 23:40:48,932 [INFO] Datos guardados en la base de datos.
2025-01-21 23:40:49,914 [INFO] Datos guardados en la base de datos.
2025-01-21 23:40:50,922 [INFO] Datos guardados en la base de datos.
2025-01-21 23:40:51,955 [INFO] Datos guardados en la base de datos.
2025-01-21 23:40:52,931 [INFO] Datos guardados en la base de datos.
2025-01-21 23:40:53,943 [INFO] Datos guardados en la base de datos.
2025-01-21 23:40:54,926 [INFO] Datos guardados en la base de datos.
2025-01-21 23:40:55,932 [INFO] Datos guardados en la base de datos.
2025-01-21 23:40:56,955 [INFO] Datos guardados en la base de datos.
2025-01-21 23:40:57,943 [INFO] Datos guardados en la base de datos.
2025-01-21 23:40:58,932 [INFO] Datos guardados en la base de datos.
2025-01-21 23:40:59,944 [INFO] Datos guardados en la base de datos.
2025-01-21 23:41:00,923 [INFO] Datos guardados en la base de datos.
2025-01-21 23:41:01,921 [INFO] Datos guardados en la base de datos.
2025-01-21 23:41:02,928 [INFO] Datos guardados en la base de datos.
2025-01-21 23:41:03,922 [INFO] Datos guardados en la base de datos.
2025-01-21 23:41:05,216 [INFO] Datos guardados en la base de datos.
2025-01-21 23:41:08,952 [INFO] Datos guardados en la base de datos.
2025-01-21 23:41:11,976 [INFO] Datos guardados en la base de datos.
2025-01-21 23:41:15,992 [INFO] Datos guardados en la base de datos.
2025-01-21 23:41:18,996 [INFO] Datos guardados en la base de datos.
2025-01-21 23:41:22,142 [INFO] Datos guardados en la base de datos.
2025-01-21 23:41:23,852 [INFO] Lectura detenida.
2025-01-21 23:43:29,086 [INFO] Conectado al puerto COM10
2025-01-21 23:43:31,257 [INFO] Conexión a la base de datos exitosa.
2025-01-21 23:43:34,531 [INFO] Lectura automática iniciada.
2025-01-21 23:43:35,601 [INFO] Datos guardados en la base de datos.
2025-01-21 23:43:36,543 [INFO] Datos guardados en la base de datos.
2025-01-21 23:43:37,542 [INFO] Datos guardados en la base de datos.
2025-01-21 23:43:38,564 [INFO] Datos guardados en la base de datos.
2025-01-21 23:43:39,530 [INFO] Datos guardados en la base de datos.
2025-01-21 23:43:40,575 [INFO] Datos guardados en la base de datos.
2025-01-21 23:43:41,540 [INFO] Datos guardados en la base de datos.
2025-01-21 23:43:42,537 [INFO] Datos guardados en la base de datos.
2025-01-21 23:43:43,542 [INFO] Datos guardados en la base de datos.
2025-01-21 23:43:44,531 [INFO] Datos guardados en la base de datos.
2025-01-21 23:43:45,564 [INFO] Datos guardados en la base de datos.
2025-01-21 23:43:46,542 [INFO] Datos guardados en la base de datos.
2025-01-21 23:43:47,540 [INFO] Datos guardados en la base de datos.
2025-01-21 23:43:48,531 [INFO] Datos guardados en la base de datos.
2025-01-21 23:43:49,531 [INFO] Datos guardados en la base de datos.
2025-01-21 23:43:58,245 [INFO] Conectado al puerto COM10
2025-01-21 23:44:00,411 [INFO] Conexión a la base de datos exitosa.
2025-01-21 23:44:03,511 [INFO] Lectura automática iniciada.
2025-01-21 23:44:04,531 [INFO] Datos guardados en la base de datos.
2025-01-21 23:44:05,477 [INFO] Datos guardados en la base de datos.
2025-01-21 23:44:06,455 [INFO] Datos guardados en la base de datos.
2025-01-21 23:44:07,499 [INFO] Datos guardados en la base de datos.
2025-01-21 23:44:08,477 [INFO] Datos guardados en la base de datos.
2025-01-21 23:44:11,541 [INFO] Datos guardados en la base de datos.
2025-01-21 23:44:15,531 [INFO] Datos guardados en la base de datos.
2025-01-21 23:44:18,556 [INFO] Datos guardados en la base de datos.
2025-01-21 23:44:22,551 [INFO] Datos guardados en la base de datos.
2025-01-21 23:44:25,531 [INFO] Datos guardados en la base de datos.
2025-01-21 23:44:28,696 [INFO] Datos guardados en la base de datos.
2025-01-21 23:44:33,541 [INFO] Datos guardados en la base de datos.
2025-01-21 23:44:36,571 [INFO] Datos guardados en la base de datos.
2025-01-21 23:44:43,723 [INFO] Datos guardados en la base de datos.
2025-01-21 23:44:46,579 [INFO] Datos guardados en la base de datos.
2025-01-21 23:44:49,599 [INFO] Datos guardados en la base de datos.
2025-01-21 23:44:52,610 [INFO] Datos guardados en la base de datos.
2025-01-21 23:44:55,620 [INFO] Datos guardados en la base de datos.
2025-01-21 23:44:58,625 [INFO] Datos guardados en la base de datos.
2025-01-21 23:45:02,005 [INFO] Datos guardados en la base de datos.
2025-01-21 23:45:05,655 [INFO] Datos guardados en la base de datos.
2025-01-21 23:45:09,659 [INFO] Datos guardados en la base de datos.
2025-01-21 23:45:12,655 [INFO] Datos guardados en la base de datos.
2025-01-21 23:47:43,869 [INFO] Conectado al puerto COM10
2025-01-21 23:47:46,023 [INFO] Conexión a la base de datos exitosa.
2025-01-21 23:47:51,514 [INFO] Lectura automática iniciada.
2025-01-21 23:47:52,555 [INFO] Datos guardados en la base de datos.
2025-01-21 23:47:53,557 [INFO] Datos guardados en la base de datos.
2025-01-21 23:47:54,523 [INFO] Datos guardados en la base de datos.
2025-01-21 23:47:56,770 [INFO] Datos guardados en la base de datos.
2025-01-21 23:47:59,764 [INFO] Datos guardados en la base de datos.
2025-01-21 23:48:03,555 [INFO] Datos guardados en la base de datos.
2025-01-21 23:48:06,710 [INFO] Datos guardados en la base de datos.
2025-01-21 23:48:10,544 [INFO] Datos guardados en la base de datos.
2025-01-21 23:48:14,531 [INFO] Datos guardados en la base de datos.
2025-01-21 23:48:17,955 [INFO] Datos guardados en la base de datos.
2025-01-21 23:48:21,544 [INFO] Datos guardados en la base de datos.
2025-01-21 23:48:24,779 [INFO] Datos guardados en la base de datos.
2025-01-21 23:48:25,059 [INFO] Lectura detenida.
2025-01-22 08:07:36,227 [INFO] Conectado al puerto COM10
2025-01-22 08:07:38,692 [INFO] Conexión a la base de datos exitosa.
2025-01-22 08:07:54,824 [INFO] Lectura automática iniciada.
2025-01-22 08:07:56,047 [INFO] Datos guardados en la base de datos.
2025-01-22 08:07:56,792 [INFO] Datos guardados en la base de datos.
2025-01-22 08:07:57,796 [INFO] Datos guardados en la base de datos.
2025-01-22 08:07:58,803 [INFO] Datos guardados en la base de datos.
2025-01-22 08:07:59,791 [INFO] Datos guardados en la base de datos.
2025-01-22 08:08:00,805 [INFO] Datos guardados en la base de datos.
2025-01-22 08:08:01,794 [INFO] Datos guardados en la base de datos.
2025-01-22 08:08:02,791 [INFO] Datos guardados en la base de datos.
2025-01-22 08:08:03,796 [INFO] Datos guardados en la base de datos.
2025-01-22 08:08:04,803 [INFO] Datos guardados en la base de datos.
2025-01-22 08:08:05,798 [INFO] Datos guardados en la base de datos.
2025-01-22 08:08:06,881 [INFO] Datos guardados en la base de datos.
2025-01-22 08:08:07,796 [INFO] Datos guardados en la base de datos.
2025-01-22 08:08:08,805 [INFO] Datos guardados en la base de datos.
2025-01-22 08:08:10,254 [INFO] Datos guardados en la base de datos.
2025-01-22 08:08:13,807 [INFO] Datos guardados en la base de datos.
2025-01-22 08:08:17,817 [INFO] Datos guardados en la base de datos.
2025-01-22 08:08:20,812 [INFO] Datos guardados en la base de datos.
2025-01-22 08:08:24,187 [INFO] Datos guardados en la base de datos.
2025-01-22 08:08:27,802 [INFO] Datos guardados en la base de datos.
2025-01-22 08:08:31,137 [INFO] Datos guardados en la base de datos.
2025-01-22 08:08:34,822 [INFO] Datos guardados en la base de datos.
2025-01-22 08:08:37,897 [INFO] Datos guardados en la base de datos.
2025-01-22 08:08:41,832 [INFO] Datos guardados en la base de datos.
2025-01-22 08:08:44,892 [INFO] Datos guardados en la base de datos.
2025-01-22 08:08:48,827 [INFO] Datos guardados en la base de datos.
2025-01-22 08:08:51,857 [INFO] Datos guardados en la base de datos.
2025-01-22 08:08:55,857 [INFO] Datos guardados en la base de datos.
2025-01-22 08:08:58,867 [INFO] Datos guardados en la base de datos.
2025-01-22 08:09:02,882 [INFO] Datos guardados en la base de datos.
2025-01-22 08:09:05,892 [INFO] Datos guardados en la base de datos.
2025-01-22 08:09:09,047 [INFO] Datos guardados en la base de datos.
2025-01-22 08:09:12,882 [INFO] Datos guardados en la base de datos.
2025-01-22 08:09:16,217 [INFO] Datos guardados en la base de datos.
2025-01-22 08:09:19,907 [INFO] Datos guardados en la base de datos.
2025-01-22 08:09:22,997 [INFO] Datos guardados en la base de datos.
2025-01-22 08:09:26,937 [INFO] Datos guardados en la base de datos.
2025-01-22 08:09:30,067 [INFO] Datos guardados en la base de datos.
2025-01-22 08:09:33,942 [INFO] Datos guardados en la base de datos.
2025-01-22 08:09:37,227 [INFO] Datos guardados en la base de datos.
2025-01-22 08:09:40,977 [INFO] Datos guardados en la base de datos.
2025-01-22 08:09:44,357 [INFO] Datos guardados en la base de datos.
2025-01-22 08:09:48,067 [INFO] Datos guardados en la base de datos.
2025-01-22 08:09:51,337 [INFO] Datos guardados en la base de datos.
2025-01-22 08:09:56,060 [INFO] Datos guardados en la base de datos.
2025-01-22 08:10:00,052 [INFO] Datos guardados en la base de datos.
2025-01-22 08:10:04,038 [INFO] Datos guardados en la base de datos.
2025-01-22 08:10:07,357 [INFO] Datos guardados en la base de datos.
2025-01-22 08:10:11,077 [INFO] Datos guardados en la base de datos.
2025-01-22 08:10:14,412 [INFO] Datos guardados en la base de datos.
2025-01-22 08:10:18,097 [INFO] Datos guardados en la base de datos.
2025-01-22 08:10:21,277 [INFO] Datos guardados en la base de datos.
2025-01-22 08:10:25,100 [INFO] Datos guardados en la base de datos.
2025-01-22 08:10:28,412 [INFO] Datos guardados en la base de datos.
2025-01-22 08:10:32,112 [INFO] Datos guardados en la base de datos.
2025-01-22 08:10:36,117 [INFO] Datos guardados en la base de datos.
2025-01-22 08:10:39,287 [INFO] Datos guardados en la base de datos.
2025-01-22 08:10:43,107 [INFO] Datos guardados en la base de datos.
2025-01-22 08:10:46,187 [INFO] Datos guardados en la base de datos.
2025-01-22 08:10:50,122 [INFO] Datos guardados en la base de datos.
2025-01-22 08:10:53,217 [INFO] Datos guardados en la base de datos.
2025-01-22 08:10:57,132 [INFO] Datos guardados en la base de datos.
2025-01-22 08:11:00,132 [INFO] Datos guardados en la base de datos.
2025-01-22 08:11:03,317 [INFO] Datos guardados en la base de datos.
2025-01-22 08:11:07,172 [INFO] Datos guardados en la base de datos.
2025-01-22 08:11:11,177 [INFO] Datos guardados en la base de datos.
2025-01-22 08:11:14,182 [INFO] Datos guardados en la base de datos.
2025-01-22 08:11:17,497 [INFO] Datos guardados en la base de datos.
2025-01-22 08:11:21,187 [INFO] Datos guardados en la base de datos.
2025-01-22 08:11:24,477 [INFO] Datos guardados en la base de datos.
2025-01-22 08:11:28,219 [INFO] Datos guardados en la base de datos.
2025-01-22 08:11:31,502 [INFO] Datos guardados en la base de datos.
2025-01-22 08:11:35,207 [INFO] Datos guardados en la base de datos.
2025-01-22 08:11:38,502 [INFO] Datos guardados en la base de datos.
2025-01-22 08:11:42,232 [INFO] Datos guardados en la base de datos.
2025-01-22 08:11:45,362 [INFO] Datos guardados en la base de datos.
2025-01-22 08:11:49,252 [INFO] Datos guardados en la base de datos.
2025-01-22 08:11:52,612 [INFO] Datos guardados en la base de datos.
2025-01-22 08:11:56,262 [INFO] Datos guardados en la base de datos.
2025-01-22 08:11:59,407 [INFO] Datos guardados en la base de datos.
2025-01-22 08:12:03,272 [INFO] Datos guardados en la base de datos.
2025-01-22 08:12:06,487 [INFO] Datos guardados en la base de datos.
2025-01-22 08:12:10,297 [INFO] Datos guardados en la base de datos.
2025-01-22 08:12:13,482 [INFO] Datos guardados en la base de datos.
2025-01-22 08:12:17,302 [INFO] Datos guardados en la base de datos.
2025-01-22 08:12:20,372 [INFO] Datos guardados en la base de datos.
2025-01-22 08:12:24,347 [INFO] Datos guardados en la base de datos.
2025-01-22 08:12:27,357 [INFO] Datos guardados en la base de datos.
2025-01-22 08:12:31,378 [INFO] Datos guardados en la base de datos.
2025-01-22 08:12:34,372 [INFO] Datos guardados en la base de datos.
2025-01-22 08:12:37,592 [INFO] Datos guardados en la base de datos.
2025-01-22 08:12:41,389 [INFO] Datos guardados en la base de datos.
2025-01-22 08:12:44,702 [INFO] Datos guardados en la base de datos.
2025-01-22 08:12:48,407 [INFO] Datos guardados en la base de datos.
2025-01-22 08:12:51,447 [INFO] Datos guardados en la base de datos.
2025-01-22 08:12:55,402 [INFO] Datos guardados en la base de datos.
2025-01-22 08:12:58,447 [INFO] Datos guardados en la base de datos.
2025-01-22 08:13:01,431 [INFO] Datos guardados en la base de datos.
2025-01-22 08:13:04,444 [INFO] Datos guardados en la base de datos.
2025-01-22 08:13:07,689 [INFO] Datos guardados en la base de datos.
2025-01-22 08:13:11,499 [INFO] Datos guardados en la base de datos.
2025-01-22 08:13:14,615 [INFO] Datos guardados en la base de datos.
2025-01-22 08:13:18,490 [INFO] Datos guardados en la base de datos.
2025-01-22 08:13:21,529 [INFO] Datos guardados en la base de datos.
2025-01-22 08:13:24,725 [INFO] Datos guardados en la base de datos.
2025-01-22 08:13:28,640 [INFO] Datos guardados en la base de datos.
2025-01-22 08:13:31,614 [INFO] Datos guardados en la base de datos.
2025-01-22 08:13:34,770 [INFO] Datos guardados en la base de datos.
2025-01-22 08:13:38,550 [INFO] Datos guardados en la base de datos.
2025-01-22 08:13:41,669 [INFO] Datos guardados en la base de datos.
2025-01-22 08:13:45,584 [INFO] Datos guardados en la base de datos.
2025-01-22 08:13:48,604 [INFO] Datos guardados en la base de datos.
2025-01-22 08:13:51,859 [INFO] Datos guardados en la base de datos.
2025-01-22 08:13:55,614 [INFO] Datos guardados en la base de datos.
2025-01-22 08:13:58,604 [INFO] Datos guardados en la base de datos.
2025-01-22 08:14:02,594 [INFO] Datos guardados en la base de datos.
2025-01-22 08:14:05,684 [INFO] Datos guardados en la base de datos.
2025-01-22 08:14:07,862 [INFO] Datos guardados en la base de datos.
2025-01-22 08:14:11,641 [INFO] Datos guardados en la base de datos.
2025-01-22 08:14:14,671 [INFO] Datos guardados en la base de datos.
2025-01-22 08:14:18,651 [INFO] Datos guardados en la base de datos.
2025-01-22 08:14:21,653 [INFO] Datos guardados en la base de datos.
2025-01-22 08:14:24,661 [INFO] Datos guardados en la base de datos.
2025-01-22 08:14:27,906 [INFO] Datos guardados en la base de datos.
2025-01-22 08:14:31,696 [INFO] Datos guardados en la base de datos.
2025-01-22 08:14:34,686 [INFO] Datos guardados en la base de datos.
2025-01-22 08:14:38,051 [INFO] Datos guardados en la base de datos.
2025-01-22 08:14:41,651 [INFO] Datos guardados en la base de datos.
2025-01-22 08:14:45,651 [INFO] Datos guardados en la base de datos.
2025-01-22 08:14:48,776 [INFO] Datos guardados en la base de datos.
2025-01-22 08:14:52,651 [INFO] Datos guardados en la base de datos.
2025-01-22 08:14:55,701 [INFO] Datos guardados en la base de datos.
2025-01-22 08:14:59,661 [INFO] Datos guardados en la base de datos.
2025-01-22 08:15:02,786 [INFO] Datos guardados en la base de datos.
2025-01-22 08:15:06,696 [INFO] Datos guardados en la base de datos.
2025-01-22 08:15:09,671 [INFO] Datos guardados en la base de datos.
2025-01-22 08:15:13,686 [INFO] Datos guardados en la base de datos.
2025-01-22 08:15:16,706 [INFO] Datos guardados en la base de datos.
2025-01-22 08:15:19,976 [INFO] Datos guardados en la base de datos.
2025-01-22 08:15:23,731 [INFO] Datos guardados en la base de datos.
2025-01-22 08:15:26,746 [INFO] Datos guardados en la base de datos.
2025-01-22 08:15:30,051 [INFO] Datos guardados en la base de datos.
2025-01-22 08:15:33,776 [INFO] Datos guardados en la base de datos.
2025-01-22 08:15:36,891 [INFO] Datos guardados en la base de datos.
2025-01-22 08:15:40,786 [INFO] Datos guardados en la base de datos.
2025-01-22 08:15:43,816 [INFO] Datos guardados en la base de datos.
2025-01-22 08:15:47,066 [INFO] Datos guardados en la base de datos.
2025-01-22 08:15:50,856 [INFO] Datos guardados en la base de datos.
2025-01-22 08:15:53,836 [INFO] Datos guardados en la base de datos.
2025-01-22 08:15:57,201 [INFO] Datos guardados en la base de datos.
2025-01-22 08:16:00,881 [INFO] Datos guardados en la base de datos.
2025-01-22 08:16:03,881 [INFO] Datos guardados en la base de datos.
2025-01-22 08:16:07,901 [INFO] Datos guardados en la base de datos.
2025-01-22 08:16:10,886 [INFO] Datos guardados en la base de datos.
2025-01-22 08:16:14,011 [INFO] Datos guardados en la base de datos.
2025-01-22 08:16:17,876 [INFO] Datos guardados en la base de datos.
2025-01-22 08:16:20,876 [INFO] Datos guardados en la base de datos.
2025-01-22 08:16:24,191 [INFO] Datos guardados en la base de datos.
2025-01-22 08:16:27,916 [INFO] Datos guardados en la base de datos.
2025-01-22 08:16:30,991 [INFO] Datos guardados en la base de datos.
2025-01-22 08:16:34,896 [INFO] Datos guardados en la base de datos.
2025-01-22 08:16:37,926 [INFO] Datos guardados en la base de datos.
2025-01-22 08:16:41,036 [INFO] Datos guardados en la base de datos.
2025-01-22 08:16:44,936 [INFO] Datos guardados en la base de datos.
2025-01-22 08:16:47,956 [INFO] Datos guardados en la base de datos.
2025-01-22 08:16:51,926 [INFO] Datos guardados en la base de datos.
2025-01-22 08:16:54,936 [INFO] Datos guardados en la base de datos.
2025-01-22 08:16:57,936 [INFO] Datos guardados en la base de datos.
2025-01-22 08:17:01,916 [INFO] Datos guardados en la base de datos.
2025-01-22 08:17:04,946 [INFO] Datos guardados en la base de datos.
2025-01-22 08:17:08,086 [INFO] Datos guardados en la base de datos.
2025-01-22 08:17:11,996 [INFO] Datos guardados en la base de datos.
2025-01-22 08:17:15,036 [INFO] Datos guardados en la base de datos.
2025-01-22 08:17:18,076 [INFO] Datos guardados en la base de datos.
2025-01-22 08:17:21,371 [INFO] Datos guardados en la base de datos.
2025-01-22 08:17:25,006 [INFO] Datos guardados en la base de datos.
2025-01-22 08:17:28,996 [INFO] Datos guardados en la base de datos.
2025-01-22 08:17:32,141 [INFO] Datos guardados en la base de datos.
2025-01-22 08:17:36,036 [INFO] Datos guardados en la base de datos.
2025-01-22 08:17:39,306 [INFO] Datos guardados en la base de datos.
2025-01-22 08:17:43,106 [INFO] Datos guardados en la base de datos.
2025-01-22 08:17:47,046 [INFO] Datos guardados en la base de datos.
2025-01-22 08:17:50,196 [INFO] Datos guardados en la base de datos.
2025-01-22 08:17:54,036 [INFO] Datos guardados en la base de datos.
2025-01-22 08:17:57,336 [INFO] Datos guardados en la base de datos.
2025-01-22 08:18:01,076 [INFO] Datos guardados en la base de datos.
2025-01-22 08:18:04,241 [INFO] Datos guardados en la base de datos.
2025-01-22 08:18:08,096 [INFO] Datos guardados en la base de datos.
2025-01-22 08:18:11,331 [INFO] Datos guardados en la base de datos.
2025-01-22 08:18:15,106 [INFO] Datos guardados en la base de datos.
2025-01-22 08:18:18,266 [INFO] Datos guardados en la base de datos.
2025-01-22 08:18:22,131 [INFO] Datos guardados en la base de datos.
2025-01-22 08:18:25,316 [INFO] Datos guardados en la base de datos.
2025-01-22 08:18:29,156 [INFO] Datos guardados en la base de datos.
2025-01-22 08:18:34,236 [INFO] Datos guardados en la base de datos.
2025-01-22 08:18:36,151 [INFO] Datos guardados en la base de datos.
2025-01-22 08:18:39,551 [INFO] Datos guardados en la base de datos.
2025-01-22 08:18:43,196 [INFO] Datos guardados en la base de datos.
2025-01-22 08:18:46,491 [INFO] Datos guardados en la base de datos.
2025-01-22 08:18:50,191 [INFO] Datos guardados en la base de datos.
2025-01-22 08:18:53,336 [INFO] Datos guardados en la base de datos.
2025-01-22 08:18:57,171 [INFO] Datos guardados en la base de datos.
2025-01-22 08:19:00,191 [INFO] Datos guardados en la base de datos.
2025-01-22 08:19:03,546 [INFO] Datos guardados en la base de datos.
2025-01-22 08:19:07,276 [INFO] Datos guardados en la base de datos.
2025-01-22 08:19:10,611 [INFO] Datos guardados en la base de datos.
2025-01-22 08:19:14,346 [INFO] Datos guardados en la base de datos.
2025-01-22 08:19:17,321 [INFO] Datos guardados en la base de datos.
2025-01-22 08:19:20,696 [INFO] Datos guardados en la base de datos.
2025-01-22 08:19:24,346 [INFO] Datos guardados en la base de datos.
2025-01-22 08:19:27,491 [INFO] Datos guardados en la base de datos.
2025-01-22 08:19:31,331 [INFO] Datos guardados en la base de datos.
2025-01-22 08:19:34,366 [INFO] Datos guardados en la base de datos.
2025-01-22 08:19:38,351 [INFO] Datos guardados en la base de datos.
2025-01-22 08:19:41,376 [INFO] Datos guardados en la base de datos.
2025-01-22 08:19:44,451 [INFO] Datos guardados en la base de datos.
2025-01-22 08:19:48,416 [INFO] Datos guardados en la base de datos.
2025-01-22 08:19:51,436 [INFO] Datos guardados en la base de datos.
2025-01-22 08:19:54,746 [INFO] Datos guardados en la base de datos.
2025-01-22 08:19:58,426 [INFO] Datos guardados en la base de datos.
2025-01-22 08:20:01,636 [INFO] Datos guardados en la base de datos.
2025-01-22 08:20:05,426 [INFO] Datos guardados en la base de datos.
2025-01-22 08:20:08,426 [INFO] Datos guardados en la base de datos.
2025-01-22 08:20:12,436 [INFO] Datos guardados en la base de datos.
2025-01-22 08:20:15,461 [INFO] Datos guardados en la base de datos.
2025-01-22 08:20:18,616 [INFO] Datos guardados en la base de datos.
2025-01-22 08:20:22,476 [INFO] Datos guardados en la base de datos.
2025-01-22 08:20:25,491 [INFO] Datos guardados en la base de datos.
2025-01-22 08:20:29,486 [INFO] Datos guardados en la base de datos.
2025-01-22 08:20:32,491 [INFO] Datos guardados en la base de datos.
2025-01-22 08:20:35,886 [INFO] Datos guardados en la base de datos.
2025-01-22 08:20:39,516 [INFO] Datos guardados en la base de datos.
2025-01-22 08:20:42,786 [INFO] Datos guardados en la base de datos.
2025-01-22 08:20:46,536 [INFO] Datos guardados en la base de datos.
2025-01-22 08:20:49,561 [INFO] Datos guardados en la base de datos.
2025-01-22 08:20:52,831 [INFO] Datos guardados en la base de datos.
2025-01-22 08:20:56,566 [INFO] Datos guardados en la base de datos.
2025-01-22 08:20:59,696 [INFO] Datos guardados en la base de datos.
2025-01-22 08:21:03,596 [INFO] Datos guardados en la base de datos.
2025-01-22 08:21:06,621 [INFO] Datos guardados en la base de datos.
2025-01-22 08:21:09,840 [INFO] Datos guardados en la base de datos.
2025-01-22 08:21:13,676 [INFO] Datos guardados en la base de datos.
2025-01-22 08:21:16,696 [INFO] Datos guardados en la base de datos.
2025-01-22 08:21:20,015 [INFO] Datos guardados en la base de datos.
2025-01-22 08:21:23,686 [INFO] Datos guardados en la base de datos.
2025-01-22 08:21:26,866 [INFO] Datos guardados en la base de datos.
2025-01-22 08:21:30,731 [INFO] Datos guardados en la base de datos.
2025-01-22 08:21:33,735 [INFO] Datos guardados en la base de datos.
2025-01-22 08:21:37,730 [INFO] Datos guardados en la base de datos.
2025-01-22 08:21:40,766 [INFO] Datos guardados en la base de datos.
2025-01-22 08:21:43,901 [INFO] Datos guardados en la base de datos.
2025-01-22 08:21:47,776 [INFO] Datos guardados en la base de datos.
2025-01-22 08:21:50,806 [INFO] Datos guardados en la base de datos.
2025-01-22 08:21:54,811 [INFO] Datos guardados en la base de datos.
2025-01-22 08:21:57,791 [INFO] Datos guardados en la base de datos.
2025-01-22 08:22:00,931 [INFO] Datos guardados en la base de datos.
2025-01-22 08:22:04,791 [INFO] Datos guardados en la base de datos.
2025-01-22 08:22:07,891 [INFO] Datos guardados en la base de datos.
2025-01-22 08:22:11,800 [INFO] Datos guardados en la base de datos.
2025-01-22 08:22:14,801 [INFO] Datos guardados en la base de datos.
2025-01-22 08:22:18,162 [INFO] Datos guardados en la base de datos.
2025-01-22 08:22:21,766 [INFO] Datos guardados en la base de datos.
2025-01-22 08:22:24,980 [INFO] Datos guardados en la base de datos.
2025-01-22 08:22:28,776 [INFO] Datos guardados en la base de datos.
2025-01-22 08:22:31,826 [INFO] Datos guardados en la base de datos.
2025-01-22 08:22:35,135 [INFO] Datos guardados en la base de datos.
2025-01-22 08:22:38,811 [INFO] Datos guardados en la base de datos.
2025-01-22 08:22:41,816 [INFO] Datos guardados en la base de datos.
2025-01-22 08:22:45,826 [INFO] Datos guardados en la base de datos.
2025-01-22 08:22:48,835 [INFO] Datos guardados en la base de datos.
2025-01-22 08:22:52,126 [INFO] Datos guardados en la base de datos.
2025-01-22 08:22:55,841 [INFO] Datos guardados en la base de datos.
2025-01-22 08:22:58,956 [INFO] Datos guardados en la base de datos.
2025-01-22 08:23:02,916 [INFO] Datos guardados en la base de datos.
2025-01-22 08:23:05,891 [INFO] Datos guardados en la base de datos.
2025-01-22 08:23:09,270 [INFO] Datos guardados en la base de datos.
2025-01-22 08:23:12,905 [INFO] Datos guardados en la base de datos.
2025-01-22 08:23:16,276 [INFO] Datos guardados en la base de datos.
2025-01-22 08:23:19,936 [INFO] Datos guardados en la base de datos.
2025-01-22 08:23:22,946 [INFO] Datos guardados en la base de datos.
2025-01-22 08:23:26,961 [INFO] Datos guardados en la base de datos.
2025-01-22 08:23:29,946 [INFO] Datos guardados en la base de datos.
2025-01-22 08:23:33,225 [INFO] Datos guardados en la base de datos.
2025-01-22 08:23:36,956 [INFO] Datos guardados en la base de datos.
2025-01-22 08:23:40,106 [INFO] Datos guardados en la base de datos.
2025-01-22 08:23:43,991 [INFO] Datos guardados en la base de datos.
2025-01-22 08:23:46,976 [INFO] Datos guardados en la base de datos.
2025-01-22 08:23:50,040 [INFO] Datos guardados en la base de datos.
2025-01-22 08:23:54,041 [INFO] Datos guardados en la base de datos.
2025-01-22 08:23:57,030 [INFO] Datos guardados en la base de datos.
2025-01-22 08:24:00,196 [INFO] Datos guardados en la base de datos.
2025-01-22 08:24:04,120 [INFO] Datos guardados en la base de datos.
2025-01-22 08:24:07,100 [INFO] Datos guardados en la base de datos.
2025-01-22 08:24:10,406 [INFO] Datos guardados en la base de datos.
2025-01-22 08:24:14,145 [INFO] Datos guardados en la base de datos.
2025-01-22 08:24:17,240 [INFO] Datos guardados en la base de datos.
2025-01-22 08:24:21,175 [INFO] Datos guardados en la base de datos.
2025-01-22 08:24:24,196 [INFO] Datos guardados en la base de datos.
2025-01-22 08:24:27,532 [INFO] Datos guardados en la base de datos.
2025-01-22 08:24:31,210 [INFO] Datos guardados en la base de datos.
2025-01-22 08:24:34,511 [INFO] Datos guardados en la base de datos.
2025-01-22 08:24:38,211 [INFO] Datos guardados en la base de datos.
2025-01-22 08:24:41,255 [INFO] Datos guardados en la base de datos.
2025-01-22 08:24:44,631 [INFO] Datos guardados en la base de datos.
2025-01-22 08:24:48,215 [INFO] Datos guardados en la base de datos.
2025-01-22 08:24:51,486 [INFO] Datos guardados en la base de datos.
2025-01-22 08:24:55,230 [INFO] Datos guardados en la base de datos.
2025-01-22 08:24:58,226 [INFO] Datos guardados en la base de datos.
2025-01-22 08:25:02,255 [INFO] Datos guardados en la base de datos.
2025-01-22 08:25:05,266 [INFO] Datos guardados en la base de datos.
2025-01-22 08:25:08,620 [INFO] Datos guardados en la base de datos.
2025-01-22 08:25:12,275 [INFO] Datos guardados en la base de datos.
2025-01-22 08:25:15,440 [INFO] Datos guardados en la base de datos.
2025-01-22 08:25:19,296 [INFO] Datos guardados en la base de datos.
2025-01-22 08:25:22,290 [INFO] Datos guardados en la base de datos.
2025-01-22 08:25:25,615 [INFO] Datos guardados en la base de datos.
2025-01-22 08:25:29,330 [INFO] Datos guardados en la base de datos.
2025-01-22 08:25:32,476 [INFO] Datos guardados en la base de datos.
2025-01-22 08:25:35,375 [INFO] Lectura detenida.
2025-01-22 08:49:08,500 [INFO] Conectado al puerto COM10
2025-01-22 08:49:10,653 [INFO] Conexión a la base de datos exitosa.
2025-01-22 08:50:14,818 [INFO] Lectura automática iniciada.
2025-01-22 08:50:15,813 [ERROR] Error al procesar los datos: :7Temperatura:28,Humedad:41,CalidadAire:387,HumedadSuelo:0 - could not convert string to float: '7Temperatura'
2025-01-22 08:50:16,848 [INFO] Datos guardados en la base de datos.
2025-01-22 08:50:17,813 [INFO] Datos guardados en la base de datos.
2025-01-22 08:50:18,792 [INFO] Datos guardados en la base de datos.
2025-01-22 08:50:19,809 [INFO] Datos guardados en la base de datos.
2025-01-22 08:50:20,802 [INFO] Datos guardados en la base de datos.
2025-01-22 08:50:21,796 [INFO] Datos guardados en la base de datos.
2025-01-22 08:50:22,836 [INFO] Datos guardados en la base de datos.
2025-01-22 08:50:23,798 [INFO] Datos guardados en la base de datos.
2025-01-22 08:50:24,825 [INFO] Datos guardados en la base de datos.
2025-01-22 08:50:25,844 [INFO] Datos guardados en la base de datos.
2025-01-22 08:50:26,798 [INFO] Datos guardados en la base de datos.
2025-01-22 08:50:27,825 [INFO] Datos guardados en la base de datos.
2025-01-22 08:50:28,810 [INFO] Datos guardados en la base de datos.
2025-01-22 08:50:29,825 [INFO] Datos guardados en la base de datos.
2025-01-22 08:50:30,794 [INFO] Datos guardados en la base de datos.
2025-01-22 08:50:31,804 [INFO] Datos guardados en la base de datos.
2025-01-22 08:50:32,803 [INFO] Datos guardados en la base de datos.
2025-01-22 08:50:33,804 [INFO] Datos guardados en la base de datos.
2025-01-22 08:50:34,826 [INFO] Datos guardados en la base de datos.
2025-01-22 08:50:35,814 [INFO] Datos guardados en la base de datos.
2025-01-22 08:50:36,802 [INFO] Datos guardados en la base de datos.
2025-01-22 08:50:37,804 [INFO] Datos guardados en la base de datos.
2025-01-22 08:50:38,798 [INFO] Datos guardados en la base de datos.
2025-01-22 08:50:39,816 [INFO] Datos guardados en la base de datos.
2025-01-22 08:50:40,834 [INFO] Datos guardados en la base de datos.
2025-01-22 08:50:41,792 [INFO] Datos guardados en la base de datos.
2025-01-22 08:50:42,792 [INFO] Datos guardados en la base de datos.
2025-01-22 08:50:43,826 [INFO] Datos guardados en la base de datos.
2025-01-22 08:50:44,815 [INFO] Datos guardados en la base de datos.
2025-01-22 08:50:45,792 [INFO] Datos guardados en la base de datos.
2025-01-22 08:50:46,812 [INFO] Datos guardados en la base de datos.
2025-01-22 08:50:47,823 [INFO] Datos guardados en la base de datos.
2025-01-22 08:50:48,816 [INFO] Datos guardados en la base de datos.
2025-01-22 08:50:49,827 [INFO] Datos guardados en la base de datos.
2025-01-22 08:50:50,816 [INFO] Datos guardados en la base de datos.
2025-01-22 08:50:51,827 [INFO] Datos guardados en la base de datos.
2025-01-22 08:50:52,816 [INFO] Datos guardados en la base de datos.
2025-01-22 08:50:53,816 [INFO] Datos guardados en la base de datos.
2025-01-22 08:50:54,797 [INFO] Datos guardados en la base de datos.
2025-01-22 08:50:55,804 [INFO] Datos guardados en la base de datos.
2025-01-22 08:50:56,797 [INFO] Datos guardados en la base de datos.
2025-01-22 08:50:57,827 [INFO] Datos guardados en la base de datos.
2025-01-22 08:50:58,805 [INFO] Datos guardados en la base de datos.
2025-01-22 08:50:59,805 [INFO] Datos guardados en la base de datos.
2025-01-22 08:51:00,796 [INFO] Datos guardados en la base de datos.
2025-01-22 08:51:01,816 [INFO] Datos guardados en la base de datos.
2025-01-22 08:51:02,824 [INFO] Datos guardados en la base de datos.
2025-01-22 08:51:03,827 [INFO] Datos guardados en la base de datos.
2025-01-22 08:51:04,801 [INFO] Datos guardados en la base de datos.
2025-01-22 08:51:05,817 [INFO] Datos guardados en la base de datos.
2025-01-22 08:51:06,806 [INFO] Datos guardados en la base de datos.
2025-01-22 08:51:07,795 [INFO] Datos guardados en la base de datos.
2025-01-22 08:51:08,806 [INFO] Datos guardados en la base de datos.
2025-01-22 08:51:09,816 [INFO] Datos guardados en la base de datos.
2025-01-22 08:51:10,816 [INFO] Datos guardados en la base de datos.
2025-01-22 08:51:11,793 [INFO] Datos guardados en la base de datos.
2025-01-22 08:51:12,806 [INFO] Datos guardados en la base de datos.
2025-01-22 08:51:13,795 [INFO] Datos guardados en la base de datos.
2025-01-22 08:51:14,817 [INFO] Datos guardados en la base de datos.
2025-01-22 08:51:15,807 [INFO] Datos guardados en la base de datos.
2025-01-22 08:51:16,851 [INFO] Datos guardados en la base de datos.
2025-01-22 08:51:17,839 [INFO] Datos guardados en la base de datos.
2025-01-22 08:51:18,818 [INFO] Datos guardados en la base de datos.
2025-01-22 08:51:19,817 [INFO] Datos guardados en la base de datos.
2025-01-22 08:51:20,829 [INFO] Datos guardados en la base de datos.
2025-01-22 08:51:21,829 [INFO] Datos guardados en la base de datos.
2025-01-22 08:51:22,851 [INFO] Datos guardados en la base de datos.
2025-01-22 08:51:23,892 [INFO] Datos guardados en la base de datos.
2025-01-22 08:51:24,839 [INFO] Datos guardados en la base de datos.
2025-01-22 08:51:25,840 [INFO] Datos guardados en la base de datos.
2025-01-22 08:51:26,827 [INFO] Datos guardados en la base de datos.
2025-01-22 08:51:28,340 [INFO] Datos guardados en la base de datos.
2025-01-22 08:51:32,063 [INFO] Datos guardados en la base de datos.
2025-01-22 08:51:35,882 [INFO] Datos guardados en la base de datos.
2025-01-22 08:51:38,948 [INFO] Datos guardados en la base de datos.
2025-01-22 08:51:42,863 [INFO] Datos guardados en la base de datos.
2025-01-22 08:51:46,873 [INFO] Datos guardados en la base de datos.
2025-01-22 08:51:49,947 [INFO] Datos guardados en la base de datos.
2025-01-22 08:51:53,863 [INFO] Datos guardados en la base de datos.
2025-01-22 08:51:57,876 [INFO] Datos guardados en la base de datos.
2025-01-22 08:52:01,158 [INFO] Datos guardados en la base de datos.
2025-01-22 08:52:04,883 [INFO] Datos guardados en la base de datos.
2025-01-22 08:52:08,888 [INFO] Datos guardados en la base de datos.
2025-01-22 08:52:12,208 [INFO] Datos guardados en la base de datos.
2025-01-22 08:52:16,916 [INFO] Datos guardados en la base de datos.
2025-01-22 08:52:21,325 [INFO] Datos guardados en la base de datos.
2025-01-22 08:52:25,921 [INFO] Datos guardados en la base de datos.
2025-01-22 08:52:30,943 [INFO] Datos guardados en la base de datos.
2025-01-22 08:52:35,933 [INFO] Datos guardados en la base de datos.
2025-01-22 08:52:39,929 [INFO] Datos guardados en la base de datos.
2025-01-22 08:52:43,922 [INFO] Datos guardados en la base de datos.
2025-01-22 08:52:48,943 [INFO] Datos guardados en la base de datos.
2025-01-22 08:52:52,932 [INFO] Datos guardados en la base de datos.
2025-01-22 08:52:56,517 [INFO] Datos guardados en la base de datos.
2025-01-22 08:53:00,942 [INFO] Datos guardados en la base de datos.
2025-01-22 08:53:05,101 [INFO] Datos guardados en la base de datos.
2025-01-22 08:53:09,082 [INFO] Datos guardados en la base de datos.
2025-01-22 08:53:13,014 [INFO] Datos guardados en la base de datos.
2025-01-22 08:53:17,022 [INFO] Datos guardados en la base de datos.
2025-01-22 08:53:21,002 [INFO] Datos guardados en la base de datos.
2025-01-22 08:53:25,013 [INFO] Datos guardados en la base de datos.
2025-01-22 08:53:29,023 [INFO] Datos guardados en la base de datos.
2025-01-22 08:53:33,025 [INFO] Datos guardados en la base de datos.
2025-01-22 08:53:37,043 [INFO] Datos guardados en la base de datos.
2025-01-22 08:53:41,076 [INFO] Datos guardados en la base de datos.
2025-01-22 08:53:45,392 [INFO] Datos guardados en la base de datos.
2025-01-22 08:53:49,593 [INFO] Datos guardados en la base de datos.
2025-01-22 08:53:57,812 [INFO] Conectado al puerto COM10
2025-01-22 08:53:59,953 [INFO] Conexión a la base de datos exitosa.
2025-01-22 08:54:05,673 [INFO] Lectura automática iniciada.
2025-01-22 08:54:06,714 [INFO] Datos guardados en la base de datos.
2025-01-22 08:54:07,691 [INFO] Datos guardados en la base de datos.
2025-01-22 08:54:08,697 [INFO] Datos guardados en la base de datos.
2025-01-22 08:54:09,672 [INFO] Datos guardados en la base de datos.
2025-01-22 08:54:10,683 [INFO] Datos guardados en la base de datos.
2025-01-22 08:54:12,658 [INFO] Datos guardados en la base de datos.
2025-01-22 08:54:16,692 [INFO] Datos guardados en la base de datos.
2025-01-22 08:54:19,822 [INFO] Datos guardados en la base de datos.
2025-01-22 08:54:23,752 [INFO] Datos guardados en la base de datos.
2025-01-22 08:54:27,738 [INFO] Datos guardados en la base de datos.
2025-01-22 08:54:30,747 [INFO] Datos guardados en la base de datos.
2025-01-22 08:54:34,142 [INFO] Datos guardados en la base de datos.
2025-01-22 08:54:37,762 [INFO] Datos guardados en la base de datos.
2025-01-22 08:54:41,048 [INFO] Datos guardados en la base de datos.
2025-01-22 08:54:44,762 [INFO] Datos guardados en la base de datos.
2025-01-22 08:54:48,132 [INFO] Datos guardados en la base de datos.
2025-01-22 08:54:51,793 [INFO] Datos guardados en la base de datos.
2025-01-22 08:54:54,927 [INFO] Datos guardados en la base de datos.
2025-01-22 08:54:58,798 [INFO] Datos guardados en la base de datos.
2025-01-22 08:55:01,802 [INFO] Datos guardados en la base de datos.
2025-01-22 08:55:05,797 [INFO] Datos guardados en la base de datos.
2025-01-22 08:55:08,802 [INFO] Datos guardados en la base de datos.
2025-01-22 08:55:12,262 [INFO] Datos guardados en la base de datos.
2025-01-22 08:55:15,827 [INFO] Datos guardados en la base de datos.
2025-01-22 08:55:18,887 [INFO] Datos guardados en la base de datos.
2025-01-22 08:55:22,832 [INFO] Datos guardados en la base de datos.
2025-01-22 08:55:25,807 [INFO] Datos guardados en la base de datos.
2025-01-22 08:55:28,842 [INFO] Datos guardados en la base de datos.
2025-01-22 08:55:32,862 [INFO] Datos guardados en la base de datos.
2025-01-22 08:55:35,892 [INFO] Datos guardados en la base de datos.
2025-01-22 08:55:39,202 [INFO] Datos guardados en la base de datos.
2025-01-22 08:55:42,872 [INFO] Datos guardados en la base de datos.
2025-01-22 08:55:45,857 [INFO] Datos guardados en la base de datos.
2025-01-22 08:55:49,882 [INFO] Datos guardados en la base de datos.
2025-01-22 08:55:53,097 [INFO] Datos guardados en la base de datos.
2025-01-22 08:55:56,912 [INFO] Datos guardados en la base de datos.
2025-01-22 08:56:00,132 [INFO] Datos guardados en la base de datos.
2025-01-22 08:56:03,922 [INFO] Datos guardados en la base de datos.
2025-01-22 08:56:06,917 [INFO] Datos guardados en la base de datos.
2025-01-22 08:56:10,357 [INFO] Datos guardados en la base de datos.
2025-01-22 08:56:13,957 [INFO] Datos guardados en la base de datos.
2025-01-22 08:56:17,962 [INFO] Datos guardados en la base de datos.
2025-01-22 08:56:21,962 [INFO] Datos guardados en la base de datos.
2025-01-22 08:56:26,012 [INFO] Datos guardados en la base de datos.
2025-01-22 08:56:29,442 [INFO] Datos guardados en la base de datos.
2025-01-22 09:00:31,474 [INFO] Conectado al puerto COM10
2025-01-22 09:00:33,647 [INFO] Conexión a la base de datos exitosa.
2025-01-22 09:00:37,822 [INFO] Lectura automática iniciada.
2025-01-22 09:00:38,876 [INFO] Datos guardados en la base de datos.
2025-01-22 09:00:39,806 [INFO] Datos guardados en la base de datos.
2025-01-22 09:00:40,806 [INFO] Datos guardados en la base de datos.
2025-01-22 09:00:41,806 [INFO] Datos guardados en la base de datos.
2025-01-22 09:00:42,828 [INFO] Datos guardados en la base de datos.
2025-01-22 09:00:43,807 [INFO] Datos guardados en la base de datos.
2025-01-22 09:00:44,796 [INFO] Datos guardados en la base de datos.
2025-01-22 09:00:47,840 [INFO] Datos guardados en la base de datos.
2025-01-22 09:00:51,818 [INFO] Datos guardados en la base de datos.
2025-01-22 09:00:55,829 [INFO] Datos guardados en la base de datos.
2025-01-22 09:00:59,152 [INFO] Datos guardados en la base de datos.
2025-01-22 09:01:02,863 [INFO] Datos guardados en la base de datos.
2025-01-22 09:01:06,841 [INFO] Datos guardados en la base de datos.
2025-01-22 09:01:10,852 [INFO] Datos guardados en la base de datos.
2025-01-22 09:01:14,897 [INFO] Datos guardados en la base de datos.
2025-01-22 09:01:18,841 [INFO] Datos guardados en la base de datos.
2025-01-22 09:01:22,153 [INFO] Datos guardados en la base de datos.
2025-01-22 09:01:25,865 [INFO] Datos guardados en la base de datos.
2025-01-22 09:01:29,875 [INFO] Datos guardados en la base de datos.
2025-01-22 09:01:33,898 [INFO] Datos guardados en la base de datos.
2025-01-22 09:01:37,887 [INFO] Datos guardados en la base de datos.
2025-01-22 09:01:41,298 [INFO] Datos guardados en la base de datos.
2025-01-22 09:01:45,077 [INFO] Datos guardados en la base de datos.
2025-01-22 09:01:49,110 [INFO] Datos guardados en la base de datos.
2025-01-22 09:01:53,244 [INFO] Datos guardados en la base de datos.
2025-01-22 09:01:56,888 [INFO] Datos guardados en la base de datos.
2025-01-22 09:02:01,391 [INFO] Datos guardados en la base de datos.
2025-01-22 09:02:05,015 [INFO] Datos guardados en la base de datos.
2025-01-22 09:02:08,876 [INFO] Datos guardados en la base de datos.
2025-01-22 09:02:12,145 [INFO] Datos guardados en la base de datos.
2025-01-22 09:02:15,932 [INFO] Datos guardados en la base de datos.
2025-01-22 09:02:19,889 [INFO] Datos guardados en la base de datos.
2025-01-22 09:02:23,319 [INFO] Lectura detenida.
2025-01-22 09:10:38,784 [INFO] Conectado al puerto COM10
2025-01-22 09:10:41,090 [INFO] Conexión a la base de datos exitosa.
2025-01-22 09:10:45,943 [INFO] Lectura automática iniciada.
2025-01-22 09:10:46,978 [INFO] Datos guardados en la base de datos.
2025-01-22 09:10:47,942 [INFO] Datos guardados en la base de datos.
2025-01-22 09:10:48,920 [INFO] Datos guardados en la base de datos.
2025-01-22 09:10:49,953 [INFO] Datos guardados en la base de datos.
2025-01-22 09:10:52,918 [INFO] Datos guardados en la base de datos.
2025-01-22 09:10:56,018 [INFO] Datos guardados en la base de datos.
2025-01-22 09:10:59,353 [INFO] Datos guardados en la base de datos.
2025-01-22 09:11:02,973 [INFO] Datos guardados en la base de datos.
2025-01-22 09:11:06,213 [INFO] Datos guardados en la base de datos.
2025-01-22 09:11:09,983 [INFO] Datos guardados en la base de datos.
2025-01-22 09:11:13,174 [INFO] Datos guardados en la base de datos.
2025-01-22 09:11:17,028 [INFO] Datos guardados en la base de datos.
2025-01-22 09:11:18,523 [INFO] Lectura detenida.
2025-01-30 20:32:28,828 [INFO] Conectado al puerto COM10
2025-01-30 20:32:31,014 [INFO] Conexión a la base de datos exitosa.
2025-01-30 20:32:40,084 [INFO] Lectura automática iniciada.
2025-01-30 20:32:41,344 [INFO] Datos guardados en la base de datos.
2025-01-30 20:32:42,115 [INFO] Datos guardados en la base de datos.
2025-01-30 20:32:43,095 [INFO] Datos guardados en la base de datos.
2025-01-30 20:32:44,115 [INFO] Datos guardados en la base de datos.
2025-01-30 20:32:45,090 [INFO] Datos guardados en la base de datos.
2025-01-30 20:32:46,138 [INFO] Datos guardados en la base de datos.
2025-01-30 20:32:47,104 [INFO] Datos guardados en la base de datos.
2025-01-30 20:32:48,114 [INFO] Datos guardados en la base de datos.
2025-01-30 20:32:49,139 [INFO] Datos guardados en la base de datos.
2025-01-30 20:32:50,127 [INFO] Datos guardados en la base de datos.
2025-01-30 20:32:51,108 [INFO] Datos guardados en la base de datos.
2025-01-30 20:32:52,127 [INFO] Datos guardados en la base de datos.
2025-01-30 20:32:53,123 [INFO] Datos guardados en la base de datos.
2025-01-30 20:32:54,138 [INFO] Datos guardados en la base de datos.
2025-01-30 20:32:55,141 [INFO] Datos guardados en la base de datos.
2025-01-30 20:32:56,109 [INFO] Datos guardados en la base de datos.
2025-01-30 20:32:57,116 [INFO] Datos guardados en la base de datos.
2025-01-30 20:32:58,139 [INFO] Datos guardados en la base de datos.
2025-01-30 20:32:59,124 [INFO] Datos guardados en la base de datos.
2025-01-30 20:33:00,128 [INFO] Datos guardados en la base de datos.
2025-01-30 20:33:01,239 [INFO] Datos guardados en la base de datos.
2025-01-30 20:33:05,169 [INFO] Datos guardados en la base de datos.
2025-01-30 20:33:08,144 [INFO] Datos guardados en la base de datos.
2025-01-30 20:33:08,209 [INFO] Lectura detenida.
2025-01-30 20:33:16,794 [INFO] Lectura automática iniciada.
2025-01-30 20:33:17,804 [INFO] Datos guardados en la base de datos.
2025-01-30 20:33:18,808 [INFO] Datos guardados en la base de datos.
2025-01-30 20:33:19,799 [INFO] Datos guardados en la base de datos.
2025-01-30 20:33:21,828 [INFO] Datos guardados en la base de datos.
2025-01-30 20:33:24,813 [INFO] Datos guardados en la base de datos.
2025-01-30 20:33:27,821 [INFO] Datos guardados en la base de datos.
2025-01-30 20:33:30,916 [INFO] Datos guardados en la base de datos.
2025-01-30 20:33:34,846 [INFO] Datos guardados en la base de datos.
2025-01-30 20:33:37,881 [INFO] Datos guardados en la base de datos.
2025-01-30 20:33:41,216 [INFO] Datos guardados en la base de datos.
2025-01-30 20:33:44,856 [INFO] Datos guardados en la base de datos.
2025-01-30 20:33:48,126 [INFO] Datos guardados en la base de datos.
2025-01-30 20:33:51,885 [INFO] Datos guardados en la base de datos.
2025-01-30 20:33:54,905 [INFO] Datos guardados en la base de datos.
2025-01-30 20:33:58,096 [INFO] Datos guardados en la base de datos.
2025-01-30 20:34:01,886 [INFO] Datos guardados en la base de datos.
2025-01-30 20:34:02,406 [INFO] Lectura detenida.
